[20:14:13.133] Global cache location '/home/klingen/.cache/typescript/4.4', safe file path '/home/klingen/Develop/flightlog-application/flightlog-frontend/node_modules/typescript/lib/typingSafeList.json', types map path /home/klingen/Develop/flightlog-application/flightlog-frontend/node_modules/typescript/lib/typesMap.json
[20:14:13.134] Processing cache location '/home/klingen/.cache/typescript/4.4'
[20:14:13.134] Trying to find '/home/klingen/.cache/typescript/4.4/package.json'...
[20:14:13.137] Loaded content of '/home/klingen/.cache/typescript/4.4/package.json': {"private":true,"dependencies":{"types-registry":"^0.1.612"},"devDependencies":{"@types/abbrev":"^1.1.2","@types/accepts":"^1.3.5","@types/agent-base":"^4.2.2","@types/archy":"^0.0.32","@types/are-we-there-yet":"^1.1.0","@types/argparse":"^2.0.10","@types/aria-query":"^5.0.0","@types/arr-diff":"^4.0.1","@types/arr-union":"^3.1.0","@types/array-find-index":"^1.0.0","@types/array-unique":"^0.3.0","@types/array.prototype.flat":"^1.2.1","@types/assert":"^1.5.6","@types/async":"^3.2.15","@types/atob":"^2.1.2","@types/balanced-match":"^1.0.2","@types/base64id":"^2.0.0","@types/basic-auth":"^1.1.3","@types/big.js":"^6.1.6","@types/bl":"^5.0.2","@types/bluebird":"^3.5.37","@types/body-parser":"^1.19.2","@types/bonjour":"^3.5.10","@types/boolbase":"^1.0.1","@types/brace-expansion":"^1.1.0","@types/braces":"^3.0.1","@types/buffer-from":"^1.1.0","@types/bytes":"^3.1.1","@types/cacache":"^15.0.1","@types/cacheable-request":"^6.0.2","@types/call-bind":"^1.0.1","@types/callsite":"^1.0.31","@types/caniuse-lite":"^1.0.1","@types/chardet":"^0.8.1","@types/chownr":"^1.0.0","@types/circular-dependency-plugin":"^5.0.5","@types/clean-regexp":"^1.0.0","@types/cli-spinners":"^1.3.0","@types/clone":"^2.1.1","@types/clone-deep":"^4.0.1","@types/color-convert":"^2.0.0","@types/color-name":"^1.1.1","@types/color-support":"^1.1.1","@types/combined-stream":"^1.0.3","@types/commondir":"^1.0.0","@types/component-emitter":"^1.2.11","@types/compressible":"^2.0.0","@types/compression":"^1.7.2","@types/concat-map":"^0.0.1","@types/concat-stream":"^2.0.0","@types/configstore":"^6.0.0","@types/connect":"^3.4.35","@types/connect-history-api-fallback":"^1.3.5","@types/content-disposition":"^0.5.5","@types/content-type":"^1.1.5","@types/convert-source-map":"^1.5.2","@types/cookie":"^0.5.1","@types/cookie-signature":"^1.0.4","@types/cookiejar":"^2.1.2","@types/core-js":"^2.5.5","@types/cors":"^2.8.12","@types/cross-spawn":"^6.0.2","@types/css":"^0.0.33","@types/cssesc":"^3.0.0","@types/d3":"^7.4.0","@types/d3-array":"^3.0.3","@types/d3-axis":"^3.0.1","@types/d3-brush":"^3.0.1","@types/d3-chord":"^3.0.1","@types/d3-color":"^3.1.0","@types/d3-contour":"^3.0.1","@types/d3-delaunay":"^6.0.1","@types/d3-dispatch":"^3.0.1","@types/d3-drag":"^3.0.1","@types/d3-dsv":"^3.0.0","@types/d3-ease":"^3.0.0","@types/d3-fetch":"^3.0.1","@types/d3-force":"^3.0.3","@types/d3-format":"^3.0.1","@types/d3-geo":"^3.0.2","@types/d3-hierarchy":"^3.1.0","@types/d3-interpolate":"^3.0.1","@types/d3-path":"^3.0.0","@types/d3-polygon":"^3.0.0","@types/d3-quadtree":"^3.0.2","@types/d3-random":"^3.0.1","@types/d3-scale":"^4.0.2","@types/d3-scale-chromatic":"^3.0.0","@types/d3-selection":"^3.0.3","@types/d3-shape":"^3.1.0","@types/d3-time":"^3.0.0","@types/d3-time-format":"^4.0.0","@types/d3-timer":"^3.0.0","@types/d3-transition":"^3.0.2","@types/d3-zoom":"^3.0.1","@types/debug":"^4.1.7","@types/decode-uri-component":"^0.2.0","@types/deep-equal":"^1.0.1","@types/deep-extend":"^0.4.32","@types/default-gateway":"^3.0.1","@types/defaults":"^1.0.3","@types/define-properties":"^1.1.3","@types/delaunator":"^5.0.0","@types/delegates":"^1.0.0","@types/depd":"^1.1.32","@types/destroy":"^1.0.0","@types/detect-node":"^2.0.0","@types/di":"^0.0.1","@types/diff":"^5.0.2","@types/dir-glob":"^2.0.1","@types/dns-packet":"^5.2.4","@types/doctrine":"^0.0.5","@types/draco3d":"^1.4.1","@types/duplexer3":"^0.1.1","@types/duplexify":"^3.6.1","@types/ee-first":"^1.1.0","@types/ejs":"^3.1.1","@types/empower-core":"^1.2.1","@types/encodeurl":"^1.0.0","@types/end-of-stream":"^1.4.1","@types/ent":"^2.2.5","@types/es-abstract":"^1.17.3","@types/es-to-primitive":"^1.2.4","@types/escape-html":"^1.0.2","@types/escodegen":"^0.0.7","@types/eslint":"^8.4.6","@types/eslint-scope":"^3.7.4","@types/eslint-utils":"^3.0.2","@types/eslint-visitor-keys":"^1.0.0","@types/esm":"^3.2.0","@types/esprima":"^4.0.3","@types/esquery":"^1.0.2","@types/estraverse":"^5.1.2","@types/esutils":"^2.0.0","@types/etag":"^1.8.1","@types/events":"^3.0.0","@types/express":"^4.17.14","@types/extend":"^3.0.1","@types/extract-files":"^8.1.1","@types/falafel":"^2.2.0","@types/fast-levenshtein":"^0.0.2","@types/fast-text-encoding":"^1.0.1","@types/file-entry-cache":"^5.0.2","@types/fill-range":"^7.0.0","@types/finalhandler":"^1.2.0","@types/find-cache-dir":"^3.2.1","@types/flat":"^5.0.2","@types/flat-cache":"^2.0.0","@types/follow-redirects":"^1.14.1","@types/foreach":"^2.0.0","@types/formidable":"^2.0.5","@types/forwarded":"^0.1.0","@types/fresh":"^0.5.0","@types/from2":"^2.3.1","@types/fs-extra":"^9.0.13","@types/function-bind":"^1.1.7","@types/functional-red-black-tree":"^1.0.1","@types/gensync":"^1.0.0","@types/geojson":"^7946.0.10","@types/get-intrinsic":"^1.0.0","@types/get-value":"^3.0.3","@types/glob":"^8.0.0","@types/glob-parent":"^5.1.1","@types/glob-to-regexp":"^0.4.1","@types/got":"^9.6.12","@types/graceful-fs":"^4.1.5","@types/has":"^1.0.0","@types/has-symbols":"^1.0.0","@types/has-values":"^2.0.0","@types/he":"^1.1.2","@types/hoist-non-react-statics":"^3.3.1","@types/hosted-git-info":"^3.0.2","@types/html-encoding-sniffer":"^3.0.0","@types/html-escaper":"^3.0.0","@types/http-cache-semantics":"^4.0.1","@types/http-errors":"^1.8.2","@types/http-proxy":"^1.17.9","@types/http-server":"^0.12.1","@types/humanize-ms":"^1.2.2","@types/icss-utils":"^5.1.0","@types/ignore-walk":"^4.0.0","@types/imurmurhash":"^0.1.1","@types/inherits":"^0.0.30","@types/ini":"^1.3.31","@types/inquirer":"^9.0.1","@types/internal-slot":"^1.0.1","@types/ip":"^1.1.0","@types/is":"^0.0.21","@types/is-arguments":"^1.0.0","@types/is-bigint":"^1.0.0","@types/is-boolean-object":"^1.1.0","@types/is-buffer":"^2.0.0","@types/is-callable":"^1.1.0","@types/is-ci":"^3.0.0","@types/is-core-module":"^2.2.0","@types/is-data-descriptor":"^1.0.0","@types/is-date-object":"^1.0.2","@types/is-generator-function":"^1.0.1","@types/is-glob":"^4.0.2","@types/is-number":"^7.0.3","@types/is-object":"^1.0.2","@types/is-regex":"^1.0.0","@types/is-string":"^1.0.0","@types/is-url":"^1.2.30","@types/is-utf8":"^0.2.1","@types/is-windows":"^1.0.0","@types/isarray":"^2.0.0","@types/isexe":"^2.0.1","@types/istanbul-lib-coverage":"^2.0.4","@types/istanbul-lib-hook":"^2.0.1","@types/istanbul-lib-instrument":"^1.7.4","@types/istanbul-lib-report":"^3.0.0","@types/istanbul-lib-source-maps":"^4.0.1","@types/istanbul-reports":"^3.0.1","@types/jake":"^0.0.33","@types/js-string-escape":"^1.0.1","@types/js-yaml":"^4.0.5","@types/jsesc":"^3.0.1","@types/json-buffer":"^3.0.0","@types/json-parse-better-errors":"^1.0.0","@types/jsonfile":"^6.1.0","@types/karma":"^6.3.3","@types/karma-chrome-launcher":"^3.1.1","@types/karma-coverage":"^2.0.1","@types/karma-jasmine":"^4.0.2","@types/karma-jasmine-html-reporter":"^1.7.0","@types/karma-junit-reporter":"^2.0.1","@types/keyv":"^3.1.4","@types/kind-of":"^6.0.0","@types/less":"^3.0.3","@types/loader-runner":"^2.2.4","@types/loader-utils":"^2.0.3","@types/lodash":"^4.14.185","@types/lodash.clone":"^4.5.7","@types/lodash.clonedeep":"^4.5.7","@types/lodash.clonedeepwith":"^4.5.7","@types/lodash.debounce":"^4.0.7","@types/lodash.deburr":"^4.1.7","@types/lodash.difference":"^4.5.7","@types/lodash.flatten":"^4.4.7","@types/lodash.flattendeep":"^4.4.7","@types/lodash.islength":"^4.0.7","@types/lodash.merge":"^4.6.7","@types/lodash.truncate":"^4.4.7","@types/lolex":"^5.1.2","@types/lru-cache":"^7.6.1","@types/make-fetch-happen":"^10.0.0","@types/media-typer":"^1.1.1","@types/merge-descriptors":"^1.0.1","@types/merge-stream":"^1.1.2","@types/merge2":"^1.3.1","@types/methods":"^1.1.1","@types/micromatch":"^4.0.2","@types/mime":"^3.0.1","@types/mime-db":"^1.43.1","@types/mime-types":"^2.1.1","@types/minimalistic-assert":"^1.0.1","@types/minimatch":"^5.1.2","@types/minimist":"^1.2.2","@types/minipass":"^3.1.2","@types/minizlib":"^2.1.4","@types/mixpanel":"^2.14.4","@types/mixpanel-browser":"^2.38.0","@types/mkdirp":"^1.0.2","@types/ms":"^0.7.31","@types/multicast-dns":"^7.2.1","@types/multimap":"^1.1.2","@types/murmurhash-js":"^1.0.3","@types/mute-stream":"^0.0.1","@types/natural-compare":"^1.4.1","@types/needle":"^2.5.3","@types/negotiator":"^0.6.1","@types/nested-error-stacks":"^2.1.0","@types/nise":"^1.4.0","@types/node":"^18.7.14","@types/node-fetch":"^2.6.2","@types/node-forge":"^1.3.0","@types/nopt":"^3.0.29","@types/normalize-package-data":"^2.4.1","@types/normalize-path":"^3.0.0","@types/npm-package-arg":"^6.1.1","@types/npm-packlist":"^3.0.0","@types/npm-registry-fetch":"^8.0.4","@types/npmlog":"^4.1.4","@types/object-assign":"^4.0.30","@types/object-inspect":"^1.8.1","@types/object-keys":"^1.0.1","@types/object.pick":"^1.3.2","@types/on-finished":"^2.3.1","@types/on-headers":"^1.0.0","@types/once":"^1.4.0","@types/opener":"^1.4.0","@types/os-homedir":"^1.0.0","@types/os-tmpdir":"^1.0.0","@types/pacote":"^11.1.5","@types/pako":"^2.0.0","@types/parse-json":"^4.0.0","@types/parse-node-version":"^1.0.0","@types/parse5":"^6.0.3","@types/parse5-html-rewriting-stream":"^5.1.2","@types/parse5-htmlparser2-tree-adapter":"^6.0.1","@types/parse5-sax-parser":"^5.0.2","@types/parseurl":"^1.3.1","@types/pascalcase":"^1.0.1","@types/path-is-absolute":"^1.0.0","@types/path-is-inside":"^1.0.0","@types/path-parse":"^1.0.19","@types/picomatch":"^2.3.0","@types/pify":"^5.0.1","@types/pluralize":"^0.0.29","@types/postcss-gap-properties":"^2.0.1","@types/postcss-import":"^14.0.0","@types/postcss-modules-extract-imports":"^3.0.2","@types/postcss-modules-local-by-default":"^4.0.0","@types/postcss-modules-scope":"^3.0.0","@types/postcss-modules-values":"^4.0.0","@types/postcss-preset-env":"^7.7.0","@types/prelude-ls":"^1.1.29","@types/prettier":"^2.7.1","@types/progress":"^2.0.5","@types/proj4":"^2.5.2","@types/promise-inflight":"^1.0.0","@types/promise-polyfill":"^6.0.4","@types/promise-retry":"^1.1.3","@types/prop-types":"^15.7.5","@types/prosemirror-commands":"^1.0.4","@types/prosemirror-history":"^1.0.3","@types/prosemirror-inputrules":"^1.0.4","@types/prosemirror-keymap":"^1.0.4","@types/prosemirror-model":"^1.16.2","@types/prosemirror-schema-list":"^1.0.3","@types/prosemirror-state":"^1.3.0","@types/prosemirror-transform":"^1.4.2","@types/prosemirror-view":"^1.23.3","@types/proxy-addr":"^2.0.0","@types/proxyquire":"^1.3.28","@types/pump":"^1.1.1","@types/punycode":"^2.1.0","@types/qs":"^6.9.7","@types/randombytes":"^2.0.0","@types/range-parser":"^1.2.4","@types/rc":"^1.2.1","@types/react-is":"^17.0.3","@types/readable-stream":"^2.3.14","@types/regenerate":"^1.4.1","@types/regenerator-runtime":"^0.13.1","@types/regex-not":"^1.0.0","@types/registry-auth-token":"^4.2.1","@types/repeat-element":"^1.1.1","@types/repeat-string":"^1.6.3","@types/require-directory":"^2.1.2","@types/require-from-string":"^1.2.1","@types/requires-port":"^1.0.0","@types/resolve":"^1.20.2","@types/responselike":"^1.0.0","@types/retry":"^0.12.2","@types/rimraf":"^3.0.2","@types/run-parallel":"^1.1.0","@types/safe-regex":"^1.1.3","@types/safer-buffer":"^2.1.0","@types/sanitize-html":"^2.6.2","@types/sass-loader":"^8.0.3","@types/sax":"^1.2.4","@types/seedrandom":"^3.0.2","@types/selfsigned":"^2.0.1","@types/semver":"^7.3.12","@types/send":"^0.17.1","@types/serialize-javascript":"^5.0.2","@types/serve-index":"^1.9.1","@types/serve-static":"^1.15.0","@types/set-value":"^4.0.1","@types/shebang-command":"^1.2.0","@types/signal-exit":"^3.0.1","@types/sinon":"^10.0.13","@types/skmeans":"^0.11.3","@types/slice-ansi":"^5.0.0","@types/sockjs":"^0.3.33","@types/source-map-support":"^0.5.6","@types/spdx-correct":"^3.1.0","@types/spdx-expression-parse":"^3.0.2","@types/spdy":"^3.4.5","@types/sprintf":"^0.1.0","@types/sprintf-js":"^1.1.2","@types/ssri":"^7.1.1","@types/stack-trace":"^0.0.30","@types/stack-utils":"^2.0.1","@types/static-eval":"^0.2.31","@types/statuses":"^2.0.0","@types/stream-shift":"^1.0.0","@types/strict-uri-encode":"^2.0.0","@types/strip-final-newline":"^3.0.0","@types/stylus":"^0.48.38","@types/superagent":"^4.1.15","@types/supertest":"^2.0.12","@types/supports-color":"^8.1.1","@types/tar":"^6.1.2","@types/tar-stream":"^2.2.2","@types/text-table":"^0.2.2","@types/three":"^0.144.0","@types/through":"^0.0.30","@types/through2":"^2.0.36","@types/thunky":"^1.1.0","@types/tmp":"^0.2.3","@types/to-regex":"^3.0.0","@types/to-regex-range":"^5.0.0","@types/tr46":"^3.0.0","@types/type-check":"^0.3.27","@types/type-detect":"^4.0.1","@types/type-is":"^1.6.3","@types/ua-parser-js":"^0.7.36","@types/uglify-js":"^3.17.0","@types/uid2":"^0.0.0","@types/universalify":"^1.0.0","@types/update-notifier":"^6.0.1","@types/urix":"^0.1.0","@types/url-join":"^4.0.1","@types/url-parse-lax":"^5.0.0","@types/util-deprecate":"^1.0.0","@types/utils-merge":"^0.0.28","@types/uuid":"^8.3.4","@types/validate-npm-package-license":"^3.0.1","@types/validate-npm-package-name":"^4.0.0","@types/vary":"^1.1.0","@types/void-elements":"^3.1.0","@types/watchpack":"^2.4.0","@types/wcwidth":"^1.0.0","@types/webidl-conversions":"^7.0.0","@types/webpack":"^5.28.0","@types/webpack-sources":"^3.2.0","@types/whatwg-encoding":"^2.0.0","@types/whatwg-url":"^11.0.0","@types/which":"^2.0.1","@types/wordwrap":"^1.0.1","@types/wrap-ansi":"^8.0.1","@types/write-file-atomic":"^4.0.0","@types/ws":"^8.5.3","@types/xtend":"^4.0.4","@types/yallist":"^4.0.1","@types/yargs":"^17.0.13","@types/yargs-parser":"^21.0.0","@types/zen-observable":"^0.8.3"}}
[20:14:13.137] Loaded content of '/home/klingen/.cache/typescript/4.4/package-lock.json'
[20:14:13.145] Adding entry into typings cache: 'abbrev' => '/home/klingen/.cache/typescript/4.4/node_modules/@types/abbrev/index.d.ts'
[20:14:13.146] Adding entry into typings cache: 'accepts' => '/home/klingen/.cache/typescript/4.4/node_modules/@types/accepts/index.d.ts'
[20:14:13.147] Adding entry into typings cache: 'agent-base' => '/home/klingen/.cache/typescript/4.4/node_modules/@types/agent-base/index.d.ts'
[20:14:13.148] Adding entry into typings cache: 'archy' => '/home/klingen/.cache/typescript/4.4/node_modules/@types/archy/index.d.ts'
[20:14:13.149] Adding entry into typings cache: 'are-we-there-yet' => '/home/klingen/.cache/typescript/4.4/node_modules/@types/are-we-there-yet/index.d.ts'
[20:14:13.150] Adding entry into typings cache: 'argparse' => '/home/klingen/.cache/typescript/4.4/node_modules/@types/argparse/index.d.ts'
[20:14:13.152] Adding entry into typings cache: 'aria-query' => '/home/klingen/.cache/typescript/4.4/node_modules/@types/aria-query/index.d.ts'
[20:14:13.153] Adding entry into typings cache: 'arr-diff' => '/home/klingen/.cache/typescript/4.4/node_modules/@types/arr-diff/index.d.ts'
[20:14:13.154] Adding entry into typings cache: 'arr-union' => '/home/klingen/.cache/typescript/4.4/node_modules/@types/arr-union/index.d.ts'
[20:14:13.155] Adding entry into typings cache: 'array-find-index' => '/home/klingen/.cache/typescript/4.4/node_modules/@types/array-find-index/index.d.ts'
[20:14:13.156] Adding entry into typings cache: 'array-unique' => '/home/klingen/.cache/typescript/4.4/node_modules/@types/array-unique/index.d.ts'
[20:14:13.157] Adding entry into typings cache: 'array.prototype.flat' => '/home/klingen/.cache/typescript/4.4/node_modules/@types/array.prototype.flat/index.d.ts'
[20:14:13.158] Adding entry into typings cache: 'assert' => '/home/klingen/.cache/typescript/4.4/node_modules/@types/assert/index.d.ts'
[20:14:13.159] Adding entry into typings cache: 'async' => '/home/klingen/.cache/typescript/4.4/node_modules/@types/async/index.d.ts'
[20:14:13.161] Adding entry into typings cache: 'atob' => '/home/klingen/.cache/typescript/4.4/node_modules/@types/atob/index.d.ts'
[20:14:13.162] Adding entry into typings cache: 'balanced-match' => '/home/klingen/.cache/typescript/4.4/node_modules/@types/balanced-match/index.d.ts'
[20:14:13.162] Adding entry into typings cache: 'base64id' => '/home/klingen/.cache/typescript/4.4/node_modules/@types/base64id/index.d.ts'
[20:14:13.163] Adding entry into typings cache: 'basic-auth' => '/home/klingen/.cache/typescript/4.4/node_modules/@types/basic-auth/index.d.ts'
[20:14:13.164] Adding entry into typings cache: 'big.js' => '/home/klingen/.cache/typescript/4.4/node_modules/@types/big.js/index.d.ts'
[20:14:13.165] Adding entry into typings cache: 'bl' => '/home/klingen/.cache/typescript/4.4/node_modules/@types/bl/index.d.ts'
[20:14:13.166] Adding entry into typings cache: 'bluebird' => '/home/klingen/.cache/typescript/4.4/node_modules/@types/bluebird/index.d.ts'
[20:14:13.167] Adding entry into typings cache: 'body-parser' => '/home/klingen/.cache/typescript/4.4/node_modules/@types/body-parser/index.d.ts'
[20:14:13.168] Adding entry into typings cache: 'bonjour' => '/home/klingen/.cache/typescript/4.4/node_modules/@types/bonjour/index.d.ts'
[20:14:13.168] Adding entry into typings cache: 'boolbase' => '/home/klingen/.cache/typescript/4.4/node_modules/@types/boolbase/index.d.ts'
[20:14:13.169] Adding entry into typings cache: 'brace-expansion' => '/home/klingen/.cache/typescript/4.4/node_modules/@types/brace-expansion/index.d.ts'
[20:14:13.170] Adding entry into typings cache: 'braces' => '/home/klingen/.cache/typescript/4.4/node_modules/@types/braces/index.d.ts'
[20:14:13.171] Adding entry into typings cache: 'buffer-from' => '/home/klingen/.cache/typescript/4.4/node_modules/@types/buffer-from/index.d.ts'
[20:14:13.171] Adding entry into typings cache: 'bytes' => '/home/klingen/.cache/typescript/4.4/node_modules/@types/bytes/index.d.ts'
[20:14:13.172] Adding entry into typings cache: 'cacache' => '/home/klingen/.cache/typescript/4.4/node_modules/@types/cacache/index.d.ts'
[20:14:13.173] Adding entry into typings cache: 'cacheable-request' => '/home/klingen/.cache/typescript/4.4/node_modules/@types/cacheable-request/index.d.ts'
[20:14:13.173] Adding entry into typings cache: 'call-bind' => '/home/klingen/.cache/typescript/4.4/node_modules/@types/call-bind/index.d.ts'
[20:14:13.174] Adding entry into typings cache: 'callsite' => '/home/klingen/.cache/typescript/4.4/node_modules/@types/callsite/index.d.ts'
[20:14:13.176] Adding entry into typings cache: 'caniuse-lite' => '/home/klingen/.cache/typescript/4.4/node_modules/@types/caniuse-lite/index.d.ts'
[20:14:13.177] Adding entry into typings cache: 'chardet' => '/home/klingen/.cache/typescript/4.4/node_modules/@types/chardet/index.d.ts'
[20:14:13.177] Adding entry into typings cache: 'chownr' => '/home/klingen/.cache/typescript/4.4/node_modules/@types/chownr/index.d.ts'
[20:14:13.178] Adding entry into typings cache: 'circular-dependency-plugin' => '/home/klingen/.cache/typescript/4.4/node_modules/@types/circular-dependency-plugin/index.d.ts'
[20:14:13.178] Adding entry into typings cache: 'clean-regexp' => '/home/klingen/.cache/typescript/4.4/node_modules/@types/clean-regexp/index.d.ts'
[20:14:13.179] Adding entry into typings cache: 'cli-spinners' => '/home/klingen/.cache/typescript/4.4/node_modules/@types/cli-spinners/index.d.ts'
[20:14:13.180] Adding entry into typings cache: 'clone' => '/home/klingen/.cache/typescript/4.4/node_modules/@types/clone/index.d.ts'
[20:14:13.180] Adding entry into typings cache: 'clone-deep' => '/home/klingen/.cache/typescript/4.4/node_modules/@types/clone-deep/index.d.ts'
[20:14:13.181] Adding entry into typings cache: 'color-convert' => '/home/klingen/.cache/typescript/4.4/node_modules/@types/color-convert/index.d.ts'
[20:14:13.181] Adding entry into typings cache: 'color-name' => '/home/klingen/.cache/typescript/4.4/node_modules/@types/color-name/index.d.ts'
[20:14:13.183] Adding entry into typings cache: 'color-support' => '/home/klingen/.cache/typescript/4.4/node_modules/@types/color-support/index.d.ts'
[20:14:13.185] Adding entry into typings cache: 'combined-stream' => '/home/klingen/.cache/typescript/4.4/node_modules/@types/combined-stream/index.d.ts'
[20:14:13.186] Adding entry into typings cache: 'commondir' => '/home/klingen/.cache/typescript/4.4/node_modules/@types/commondir/index.d.ts'
[20:14:13.187] Adding entry into typings cache: 'component-emitter' => '/home/klingen/.cache/typescript/4.4/node_modules/@types/component-emitter/index.d.ts'
[20:14:13.187] Adding entry into typings cache: 'compressible' => '/home/klingen/.cache/typescript/4.4/node_modules/@types/compressible/index.d.ts'
[20:14:13.188] Adding entry into typings cache: 'compression' => '/home/klingen/.cache/typescript/4.4/node_modules/@types/compression/index.d.ts'
[20:14:13.189] Adding entry into typings cache: 'concat-map' => '/home/klingen/.cache/typescript/4.4/node_modules/@types/concat-map/index.d.ts'
[20:14:13.189] Adding entry into typings cache: 'concat-stream' => '/home/klingen/.cache/typescript/4.4/node_modules/@types/concat-stream/index.d.ts'
[20:14:13.190] Adding entry into typings cache: 'configstore' => '/home/klingen/.cache/typescript/4.4/node_modules/@types/configstore/index.d.ts'
[20:14:13.190] Adding entry into typings cache: 'connect' => '/home/klingen/.cache/typescript/4.4/node_modules/@types/connect/index.d.ts'
[20:14:13.191] Adding entry into typings cache: 'connect-history-api-fallback' => '/home/klingen/.cache/typescript/4.4/node_modules/@types/connect-history-api-fallback/index.d.ts'
[20:14:13.191] Adding entry into typings cache: 'content-disposition' => '/home/klingen/.cache/typescript/4.4/node_modules/@types/content-disposition/index.d.ts'
[20:14:13.192] Adding entry into typings cache: 'content-type' => '/home/klingen/.cache/typescript/4.4/node_modules/@types/content-type/index.d.ts'
[20:14:13.192] Adding entry into typings cache: 'convert-source-map' => '/home/klingen/.cache/typescript/4.4/node_modules/@types/convert-source-map/index.d.ts'
[20:14:13.193] Adding entry into typings cache: 'cookie' => '/home/klingen/.cache/typescript/4.4/node_modules/@types/cookie/index.d.ts'
[20:14:13.194] Adding entry into typings cache: 'cookie-signature' => '/home/klingen/.cache/typescript/4.4/node_modules/@types/cookie-signature/index.d.ts'
[20:14:13.195] Adding entry into typings cache: 'cookiejar' => '/home/klingen/.cache/typescript/4.4/node_modules/@types/cookiejar/index.d.ts'
[20:14:13.195] Adding entry into typings cache: 'core-js' => '/home/klingen/.cache/typescript/4.4/node_modules/@types/core-js/index.d.ts'
[20:14:13.196] Adding entry into typings cache: 'cors' => '/home/klingen/.cache/typescript/4.4/node_modules/@types/cors/index.d.ts'
[20:14:13.196] Adding entry into typings cache: 'cross-spawn' => '/home/klingen/.cache/typescript/4.4/node_modules/@types/cross-spawn/index.d.ts'
[20:14:13.197] Adding entry into typings cache: 'css' => '/home/klingen/.cache/typescript/4.4/node_modules/@types/css/index.d.ts'
[20:14:13.198] Adding entry into typings cache: 'cssesc' => '/home/klingen/.cache/typescript/4.4/node_modules/@types/cssesc/index.d.ts'
[20:14:13.199] Adding entry into typings cache: 'd3' => '/home/klingen/.cache/typescript/4.4/node_modules/@types/d3/index.d.ts'
[20:14:13.200] Adding entry into typings cache: 'd3-array' => '/home/klingen/.cache/typescript/4.4/node_modules/@types/d3-array/index.d.ts'
[20:14:13.201] Adding entry into typings cache: 'd3-axis' => '/home/klingen/.cache/typescript/4.4/node_modules/@types/d3-axis/index.d.ts'
[20:14:13.202] Adding entry into typings cache: 'd3-brush' => '/home/klingen/.cache/typescript/4.4/node_modules/@types/d3-brush/index.d.ts'
[20:14:13.203] Adding entry into typings cache: 'd3-chord' => '/home/klingen/.cache/typescript/4.4/node_modules/@types/d3-chord/index.d.ts'
[20:14:13.203] Adding entry into typings cache: 'd3-color' => '/home/klingen/.cache/typescript/4.4/node_modules/@types/d3-color/index.d.ts'
[20:14:13.204] Adding entry into typings cache: 'd3-contour' => '/home/klingen/.cache/typescript/4.4/node_modules/@types/d3-contour/index.d.ts'
[20:14:13.205] Adding entry into typings cache: 'd3-delaunay' => '/home/klingen/.cache/typescript/4.4/node_modules/@types/d3-delaunay/index.d.ts'
[20:14:13.206] Adding entry into typings cache: 'd3-dispatch' => '/home/klingen/.cache/typescript/4.4/node_modules/@types/d3-dispatch/index.d.ts'
[20:14:13.206] Adding entry into typings cache: 'd3-drag' => '/home/klingen/.cache/typescript/4.4/node_modules/@types/d3-drag/index.d.ts'
[20:14:13.207] Adding entry into typings cache: 'd3-dsv' => '/home/klingen/.cache/typescript/4.4/node_modules/@types/d3-dsv/index.d.ts'
[20:14:13.208] Adding entry into typings cache: 'd3-ease' => '/home/klingen/.cache/typescript/4.4/node_modules/@types/d3-ease/index.d.ts'
[20:14:13.208] Adding entry into typings cache: 'd3-fetch' => '/home/klingen/.cache/typescript/4.4/node_modules/@types/d3-fetch/index.d.ts'
[20:14:13.209] Adding entry into typings cache: 'd3-force' => '/home/klingen/.cache/typescript/4.4/node_modules/@types/d3-force/index.d.ts'
[20:14:13.210] Adding entry into typings cache: 'd3-format' => '/home/klingen/.cache/typescript/4.4/node_modules/@types/d3-format/index.d.ts'
[20:14:13.210] Adding entry into typings cache: 'd3-geo' => '/home/klingen/.cache/typescript/4.4/node_modules/@types/d3-geo/index.d.ts'
[20:14:13.211] Adding entry into typings cache: 'd3-hierarchy' => '/home/klingen/.cache/typescript/4.4/node_modules/@types/d3-hierarchy/index.d.ts'
[20:14:13.212] Adding entry into typings cache: 'd3-interpolate' => '/home/klingen/.cache/typescript/4.4/node_modules/@types/d3-interpolate/index.d.ts'
[20:14:13.213] Adding entry into typings cache: 'd3-path' => '/home/klingen/.cache/typescript/4.4/node_modules/@types/d3-path/index.d.ts'
[20:14:13.213] Adding entry into typings cache: 'd3-polygon' => '/home/klingen/.cache/typescript/4.4/node_modules/@types/d3-polygon/index.d.ts'
[20:14:13.214] Adding entry into typings cache: 'd3-quadtree' => '/home/klingen/.cache/typescript/4.4/node_modules/@types/d3-quadtree/index.d.ts'
[20:14:13.214] Adding entry into typings cache: 'd3-random' => '/home/klingen/.cache/typescript/4.4/node_modules/@types/d3-random/index.d.ts'
[20:14:13.215] Adding entry into typings cache: 'd3-scale' => '/home/klingen/.cache/typescript/4.4/node_modules/@types/d3-scale/index.d.ts'
[20:14:13.215] Adding entry into typings cache: 'd3-scale-chromatic' => '/home/klingen/.cache/typescript/4.4/node_modules/@types/d3-scale-chromatic/index.d.ts'
[20:14:13.216] Adding entry into typings cache: 'd3-selection' => '/home/klingen/.cache/typescript/4.4/node_modules/@types/d3-selection/index.d.ts'
[20:14:13.216] Adding entry into typings cache: 'd3-shape' => '/home/klingen/.cache/typescript/4.4/node_modules/@types/d3-shape/index.d.ts'
[20:14:13.217] Adding entry into typings cache: 'd3-time' => '/home/klingen/.cache/typescript/4.4/node_modules/@types/d3-time/index.d.ts'
[20:14:13.217] Adding entry into typings cache: 'd3-time-format' => '/home/klingen/.cache/typescript/4.4/node_modules/@types/d3-time-format/index.d.ts'
[20:14:13.218] Adding entry into typings cache: 'd3-timer' => '/home/klingen/.cache/typescript/4.4/node_modules/@types/d3-timer/index.d.ts'
[20:14:13.219] Adding entry into typings cache: 'd3-transition' => '/home/klingen/.cache/typescript/4.4/node_modules/@types/d3-transition/index.d.ts'
[20:14:13.219] Adding entry into typings cache: 'd3-zoom' => '/home/klingen/.cache/typescript/4.4/node_modules/@types/d3-zoom/index.d.ts'
[20:14:13.221] Adding entry into typings cache: 'debug' => '/home/klingen/.cache/typescript/4.4/node_modules/@types/debug/index.d.ts'
[20:14:13.222] Adding entry into typings cache: 'decode-uri-component' => '/home/klingen/.cache/typescript/4.4/node_modules/@types/decode-uri-component/index.d.ts'
[20:14:13.222] Adding entry into typings cache: 'deep-equal' => '/home/klingen/.cache/typescript/4.4/node_modules/@types/deep-equal/index.d.ts'
[20:14:13.223] Adding entry into typings cache: 'deep-extend' => '/home/klingen/.cache/typescript/4.4/node_modules/@types/deep-extend/index.d.ts'
[20:14:13.223] Adding entry into typings cache: 'default-gateway' => '/home/klingen/.cache/typescript/4.4/node_modules/@types/default-gateway/index.d.ts'
[20:14:13.224] Adding entry into typings cache: 'defaults' => '/home/klingen/.cache/typescript/4.4/node_modules/@types/defaults/index.d.ts'
[20:14:13.224] Adding entry into typings cache: 'define-properties' => '/home/klingen/.cache/typescript/4.4/node_modules/@types/define-properties/index.d.ts'
[20:14:13.225] Adding entry into typings cache: 'delaunator' => '/home/klingen/.cache/typescript/4.4/node_modules/@types/delaunator/index.d.ts'
[20:14:13.225] Adding entry into typings cache: 'delegates' => '/home/klingen/.cache/typescript/4.4/node_modules/@types/delegates/index.d.ts'
[20:14:13.226] Adding entry into typings cache: 'depd' => '/home/klingen/.cache/typescript/4.4/node_modules/@types/depd/index.d.ts'
[20:14:13.226] Adding entry into typings cache: 'destroy' => '/home/klingen/.cache/typescript/4.4/node_modules/@types/destroy/index.d.ts'
[20:14:13.227] Adding entry into typings cache: 'detect-node' => '/home/klingen/.cache/typescript/4.4/node_modules/@types/detect-node/index.d.ts'
[20:14:13.227] Adding entry into typings cache: 'di' => '/home/klingen/.cache/typescript/4.4/node_modules/@types/di/index.d.ts'
[20:14:13.228] Adding entry into typings cache: 'diff' => '/home/klingen/.cache/typescript/4.4/node_modules/@types/diff/index.d.ts'
[20:14:13.228] Adding entry into typings cache: 'dir-glob' => '/home/klingen/.cache/typescript/4.4/node_modules/@types/dir-glob/index.d.ts'
[20:14:13.229] Adding entry into typings cache: 'dns-packet' => '/home/klingen/.cache/typescript/4.4/node_modules/@types/dns-packet/index.d.ts'
[20:14:13.230] Adding entry into typings cache: 'doctrine' => '/home/klingen/.cache/typescript/4.4/node_modules/@types/doctrine/index.d.ts'
[20:14:13.230] Adding entry into typings cache: 'draco3d' => '/home/klingen/.cache/typescript/4.4/node_modules/@types/draco3d/index.d.ts'
[20:14:13.231] Adding entry into typings cache: 'duplexer3' => '/home/klingen/.cache/typescript/4.4/node_modules/@types/duplexer3/index.d.ts'
[20:14:13.231] Adding entry into typings cache: 'duplexify' => '/home/klingen/.cache/typescript/4.4/node_modules/@types/duplexify/index.d.ts'
[20:14:13.231] Adding entry into typings cache: 'ee-first' => '/home/klingen/.cache/typescript/4.4/node_modules/@types/ee-first/index.d.ts'
[20:14:13.232] Adding entry into typings cache: 'ejs' => '/home/klingen/.cache/typescript/4.4/node_modules/@types/ejs/index.d.ts'
[20:14:13.232] Adding entry into typings cache: 'empower-core' => '/home/klingen/.cache/typescript/4.4/node_modules/@types/empower-core/index.d.ts'
[20:14:13.233] Adding entry into typings cache: 'encodeurl' => '/home/klingen/.cache/typescript/4.4/node_modules/@types/encodeurl/index.d.ts'
[20:14:13.233] Adding entry into typings cache: 'end-of-stream' => '/home/klingen/.cache/typescript/4.4/node_modules/@types/end-of-stream/index.d.ts'
[20:14:13.234] Adding entry into typings cache: 'ent' => '/home/klingen/.cache/typescript/4.4/node_modules/@types/ent/index.d.ts'
[20:14:13.234] Adding entry into typings cache: 'es-abstract' => '/home/klingen/.cache/typescript/4.4/node_modules/@types/es-abstract/index.d.ts'
[20:14:13.235] Adding entry into typings cache: 'es-to-primitive' => '/home/klingen/.cache/typescript/4.4/node_modules/@types/es-to-primitive/index.d.ts'
[20:14:13.235] Adding entry into typings cache: 'escape-html' => '/home/klingen/.cache/typescript/4.4/node_modules/@types/escape-html/index.d.ts'
[20:14:13.236] Adding entry into typings cache: 'escodegen' => '/home/klingen/.cache/typescript/4.4/node_modules/@types/escodegen/index.d.ts'
[20:14:13.236] Adding entry into typings cache: 'eslint' => '/home/klingen/.cache/typescript/4.4/node_modules/@types/eslint/index.d.ts'
[20:14:13.238] Adding entry into typings cache: 'eslint-scope' => '/home/klingen/.cache/typescript/4.4/node_modules/@types/eslint-scope/index.d.ts'
[20:14:13.238] Adding entry into typings cache: 'eslint-utils' => '/home/klingen/.cache/typescript/4.4/node_modules/@types/eslint-utils/index.d.ts'
[20:14:13.239] Adding entry into typings cache: 'eslint-visitor-keys' => '/home/klingen/.cache/typescript/4.4/node_modules/@types/eslint-visitor-keys/index.d.ts'
[20:14:13.239] Adding entry into typings cache: 'esm' => '/home/klingen/.cache/typescript/4.4/node_modules/@types/esm/index.d.ts'
[20:14:13.240] Adding entry into typings cache: 'esprima' => '/home/klingen/.cache/typescript/4.4/node_modules/@types/esprima/index.d.ts'
[20:14:13.240] Adding entry into typings cache: 'esquery' => '/home/klingen/.cache/typescript/4.4/node_modules/@types/esquery/index.d.ts'
[20:14:13.242] Adding entry into typings cache: 'estraverse' => '/home/klingen/.cache/typescript/4.4/node_modules/@types/estraverse/index.d.ts'
[20:14:13.242] Adding entry into typings cache: 'esutils' => '/home/klingen/.cache/typescript/4.4/node_modules/@types/esutils/index.d.ts'
[20:14:13.243] Adding entry into typings cache: 'etag' => '/home/klingen/.cache/typescript/4.4/node_modules/@types/etag/index.d.ts'
[20:14:13.244] Adding entry into typings cache: 'events' => '/home/klingen/.cache/typescript/4.4/node_modules/@types/events/index.d.ts'
[20:14:13.245] Adding entry into typings cache: 'express' => '/home/klingen/.cache/typescript/4.4/node_modules/@types/express/index.d.ts'
[20:14:13.245] Adding entry into typings cache: 'extend' => '/home/klingen/.cache/typescript/4.4/node_modules/@types/extend/index.d.ts'
[20:14:13.246] Adding entry into typings cache: 'extract-files' => '/home/klingen/.cache/typescript/4.4/node_modules/@types/extract-files/index.d.ts'
[20:14:13.246] Adding entry into typings cache: 'falafel' => '/home/klingen/.cache/typescript/4.4/node_modules/@types/falafel/index.d.ts'
[20:14:13.247] Adding entry into typings cache: 'fast-levenshtein' => '/home/klingen/.cache/typescript/4.4/node_modules/@types/fast-levenshtein/index.d.ts'
[20:14:13.247] Adding entry into typings cache: 'fast-text-encoding' => '/home/klingen/.cache/typescript/4.4/node_modules/@types/fast-text-encoding/index.d.ts'
[20:14:13.248] Adding entry into typings cache: 'file-entry-cache' => '/home/klingen/.cache/typescript/4.4/node_modules/@types/file-entry-cache/index.d.ts'
[20:14:13.248] Adding entry into typings cache: 'fill-range' => '/home/klingen/.cache/typescript/4.4/node_modules/@types/fill-range/index.d.ts'
[20:14:13.249] Adding entry into typings cache: 'finalhandler' => '/home/klingen/.cache/typescript/4.4/node_modules/@types/finalhandler/index.d.ts'
[20:14:13.249] Adding entry into typings cache: 'find-cache-dir' => '/home/klingen/.cache/typescript/4.4/node_modules/@types/find-cache-dir/index.d.ts'
[20:14:13.249] Adding entry into typings cache: 'flat' => '/home/klingen/.cache/typescript/4.4/node_modules/@types/flat/index.d.ts'
[20:14:13.250] Adding entry into typings cache: 'flat-cache' => '/home/klingen/.cache/typescript/4.4/node_modules/@types/flat-cache/index.d.ts'
[20:14:13.251] Adding entry into typings cache: 'follow-redirects' => '/home/klingen/.cache/typescript/4.4/node_modules/@types/follow-redirects/index.d.ts'
[20:14:13.251] Adding entry into typings cache: 'foreach' => '/home/klingen/.cache/typescript/4.4/node_modules/@types/foreach/index.d.ts'
[20:14:13.252] Adding entry into typings cache: 'formidable' => '/home/klingen/.cache/typescript/4.4/node_modules/@types/formidable/index.d.ts'
[20:14:13.252] Adding entry into typings cache: 'forwarded' => '/home/klingen/.cache/typescript/4.4/node_modules/@types/forwarded/index.d.ts'
[20:14:13.252] Adding entry into typings cache: 'fresh' => '/home/klingen/.cache/typescript/4.4/node_modules/@types/fresh/index.d.ts'
[20:14:13.253] Adding entry into typings cache: 'from2' => '/home/klingen/.cache/typescript/4.4/node_modules/@types/from2/index.d.ts'
[20:14:13.254] Adding entry into typings cache: 'fs-extra' => '/home/klingen/.cache/typescript/4.4/node_modules/@types/fs-extra/index.d.ts'
[20:14:13.254] Adding entry into typings cache: 'function-bind' => '/home/klingen/.cache/typescript/4.4/node_modules/@types/function-bind/index.d.ts'
[20:14:13.255] Adding entry into typings cache: 'functional-red-black-tree' => '/home/klingen/.cache/typescript/4.4/node_modules/@types/functional-red-black-tree/index.d.ts'
[20:14:13.255] Adding entry into typings cache: 'gensync' => '/home/klingen/.cache/typescript/4.4/node_modules/@types/gensync/index.d.ts'
[20:14:13.255] Adding entry into typings cache: 'geojson' => '/home/klingen/.cache/typescript/4.4/node_modules/@types/geojson/index.d.ts'
[20:14:13.256] Adding entry into typings cache: 'get-intrinsic' => '/home/klingen/.cache/typescript/4.4/node_modules/@types/get-intrinsic/index.d.ts'
[20:14:13.256] Adding entry into typings cache: 'get-value' => '/home/klingen/.cache/typescript/4.4/node_modules/@types/get-value/index.d.ts'
[20:14:13.257] Adding entry into typings cache: 'glob' => '/home/klingen/.cache/typescript/4.4/node_modules/@types/glob/index.d.ts'
[20:14:13.258] Adding entry into typings cache: 'glob-parent' => '/home/klingen/.cache/typescript/4.4/node_modules/@types/glob-parent/index.d.ts'
[20:14:13.259] Adding entry into typings cache: 'glob-to-regexp' => '/home/klingen/.cache/typescript/4.4/node_modules/@types/glob-to-regexp/index.d.ts'
[20:14:13.259] Adding entry into typings cache: 'got' => '/home/klingen/.cache/typescript/4.4/node_modules/@types/got/index.d.ts'
[20:14:13.261] Adding entry into typings cache: 'graceful-fs' => '/home/klingen/.cache/typescript/4.4/node_modules/@types/graceful-fs/index.d.ts'
[20:14:13.262] Adding entry into typings cache: 'has' => '/home/klingen/.cache/typescript/4.4/node_modules/@types/has/index.d.ts'
[20:14:13.262] Adding entry into typings cache: 'has-symbols' => '/home/klingen/.cache/typescript/4.4/node_modules/@types/has-symbols/index.d.ts'
[20:14:13.262] Adding entry into typings cache: 'has-values' => '/home/klingen/.cache/typescript/4.4/node_modules/@types/has-values/index.d.ts'
[20:14:13.263] Adding entry into typings cache: 'he' => '/home/klingen/.cache/typescript/4.4/node_modules/@types/he/index.d.ts'
[20:14:13.264] Adding entry into typings cache: 'hoist-non-react-statics' => '/home/klingen/.cache/typescript/4.4/node_modules/@types/hoist-non-react-statics/index.d.ts'
[20:14:13.264] Adding entry into typings cache: 'hosted-git-info' => '/home/klingen/.cache/typescript/4.4/node_modules/@types/hosted-git-info/index.d.ts'
[20:14:13.265] Adding entry into typings cache: 'html-encoding-sniffer' => '/home/klingen/.cache/typescript/4.4/node_modules/@types/html-encoding-sniffer/index.d.ts'
[20:14:13.265] Adding entry into typings cache: 'html-escaper' => '/home/klingen/.cache/typescript/4.4/node_modules/@types/html-escaper/index.d.ts'
[20:14:13.265] Adding entry into typings cache: 'http-cache-semantics' => '/home/klingen/.cache/typescript/4.4/node_modules/@types/http-cache-semantics/index.d.ts'
[20:14:13.265] Adding entry into typings cache: 'http-errors' => '/home/klingen/.cache/typescript/4.4/node_modules/@types/http-errors/index.d.ts'
[20:14:13.266] Adding entry into typings cache: 'http-proxy' => '/home/klingen/.cache/typescript/4.4/node_modules/@types/http-proxy/index.d.ts'
[20:14:13.266] Adding entry into typings cache: 'http-server' => '/home/klingen/.cache/typescript/4.4/node_modules/@types/http-server/index.d.ts'
[20:14:13.267] Adding entry into typings cache: 'humanize-ms' => '/home/klingen/.cache/typescript/4.4/node_modules/@types/humanize-ms/index.d.ts'
[20:14:13.268] Adding entry into typings cache: 'icss-utils' => '/home/klingen/.cache/typescript/4.4/node_modules/@types/icss-utils/index.d.ts'
[20:14:13.268] Adding entry into typings cache: 'ignore-walk' => '/home/klingen/.cache/typescript/4.4/node_modules/@types/ignore-walk/index.d.ts'
[20:14:13.268] Adding entry into typings cache: 'imurmurhash' => '/home/klingen/.cache/typescript/4.4/node_modules/@types/imurmurhash/index.d.ts'
[20:14:13.269] Adding entry into typings cache: 'inherits' => '/home/klingen/.cache/typescript/4.4/node_modules/@types/inherits/index.d.ts'
[20:14:13.269] Adding entry into typings cache: 'ini' => '/home/klingen/.cache/typescript/4.4/node_modules/@types/ini/index.d.ts'
[20:14:13.270] Adding entry into typings cache: 'inquirer' => '/home/klingen/.cache/typescript/4.4/node_modules/@types/inquirer/index.d.ts'
[20:14:13.271] Adding entry into typings cache: 'internal-slot' => '/home/klingen/.cache/typescript/4.4/node_modules/@types/internal-slot/index.d.ts'
[20:14:13.271] Adding entry into typings cache: 'ip' => '/home/klingen/.cache/typescript/4.4/node_modules/@types/ip/index.d.ts'
[20:14:13.272] Adding entry into typings cache: 'is' => '/home/klingen/.cache/typescript/4.4/node_modules/@types/is/index.d.ts'
[20:14:13.272] Adding entry into typings cache: 'is-arguments' => '/home/klingen/.cache/typescript/4.4/node_modules/@types/is-arguments/index.d.ts'
[20:14:13.273] Adding entry into typings cache: 'is-bigint' => '/home/klingen/.cache/typescript/4.4/node_modules/@types/is-bigint/index.d.ts'
[20:14:13.273] Adding entry into typings cache: 'is-boolean-object' => '/home/klingen/.cache/typescript/4.4/node_modules/@types/is-boolean-object/index.d.ts'
[20:14:13.273] Adding entry into typings cache: 'is-buffer' => '/home/klingen/.cache/typescript/4.4/node_modules/@types/is-buffer/index.d.ts'
[20:14:13.274] Adding entry into typings cache: 'is-callable' => '/home/klingen/.cache/typescript/4.4/node_modules/@types/is-callable/index.d.ts'
[20:14:13.274] Adding entry into typings cache: 'is-ci' => '/home/klingen/.cache/typescript/4.4/node_modules/@types/is-ci/index.d.ts'
[20:14:13.275] Adding entry into typings cache: 'is-core-module' => '/home/klingen/.cache/typescript/4.4/node_modules/@types/is-core-module/index.d.ts'
[20:14:13.276] Adding entry into typings cache: 'is-data-descriptor' => '/home/klingen/.cache/typescript/4.4/node_modules/@types/is-data-descriptor/index.d.ts'
[20:14:13.276] Adding entry into typings cache: 'is-date-object' => '/home/klingen/.cache/typescript/4.4/node_modules/@types/is-date-object/index.d.ts'
[20:14:13.276] Adding entry into typings cache: 'is-generator-function' => '/home/klingen/.cache/typescript/4.4/node_modules/@types/is-generator-function/index.d.ts'
[20:14:13.277] Adding entry into typings cache: 'is-glob' => '/home/klingen/.cache/typescript/4.4/node_modules/@types/is-glob/index.d.ts'
[20:14:13.277] Adding entry into typings cache: 'is-number' => '/home/klingen/.cache/typescript/4.4/node_modules/@types/is-number/index.d.ts'
[20:14:13.277] Adding entry into typings cache: 'is-object' => '/home/klingen/.cache/typescript/4.4/node_modules/@types/is-object/index.d.ts'
[20:14:13.278] Adding entry into typings cache: 'is-regex' => '/home/klingen/.cache/typescript/4.4/node_modules/@types/is-regex/index.d.ts'
[20:14:13.278] Adding entry into typings cache: 'is-string' => '/home/klingen/.cache/typescript/4.4/node_modules/@types/is-string/index.d.ts'
[20:14:13.278] Adding entry into typings cache: 'is-url' => '/home/klingen/.cache/typescript/4.4/node_modules/@types/is-url/index.d.ts'
[20:14:13.279] Adding entry into typings cache: 'is-utf8' => '/home/klingen/.cache/typescript/4.4/node_modules/@types/is-utf8/index.d.ts'
[20:14:13.279] Adding entry into typings cache: 'is-windows' => '/home/klingen/.cache/typescript/4.4/node_modules/@types/is-windows/index.d.ts'
[20:14:13.280] Adding entry into typings cache: 'isarray' => '/home/klingen/.cache/typescript/4.4/node_modules/@types/isarray/index.d.ts'
[20:14:13.280] Adding entry into typings cache: 'isexe' => '/home/klingen/.cache/typescript/4.4/node_modules/@types/isexe/index.d.ts'
[20:14:13.280] Adding entry into typings cache: 'istanbul-lib-coverage' => '/home/klingen/.cache/typescript/4.4/node_modules/@types/istanbul-lib-coverage/index.d.ts'
[20:14:13.280] Adding entry into typings cache: 'istanbul-lib-hook' => '/home/klingen/.cache/typescript/4.4/node_modules/@types/istanbul-lib-hook/index.d.ts'
[20:14:13.281] Adding entry into typings cache: 'istanbul-lib-instrument' => '/home/klingen/.cache/typescript/4.4/node_modules/@types/istanbul-lib-instrument/index.d.ts'
[20:14:13.281] Adding entry into typings cache: 'istanbul-lib-report' => '/home/klingen/.cache/typescript/4.4/node_modules/@types/istanbul-lib-report/index.d.ts'
[20:14:13.281] Adding entry into typings cache: 'istanbul-lib-source-maps' => '/home/klingen/.cache/typescript/4.4/node_modules/@types/istanbul-lib-source-maps/index.d.ts'
[20:14:13.281] Adding entry into typings cache: 'istanbul-reports' => '/home/klingen/.cache/typescript/4.4/node_modules/@types/istanbul-reports/index.d.ts'
[20:14:13.282] Adding entry into typings cache: 'jake' => '/home/klingen/.cache/typescript/4.4/node_modules/@types/jake/index.d.ts'
[20:14:13.282] Adding entry into typings cache: 'js-string-escape' => '/home/klingen/.cache/typescript/4.4/node_modules/@types/js-string-escape/index.d.ts'
[20:14:13.283] Adding entry into typings cache: 'js-yaml' => '/home/klingen/.cache/typescript/4.4/node_modules/@types/js-yaml/index.d.ts'
[20:14:13.283] Adding entry into typings cache: 'jsesc' => '/home/klingen/.cache/typescript/4.4/node_modules/@types/jsesc/index.d.ts'
[20:14:13.283] Adding entry into typings cache: 'json-buffer' => '/home/klingen/.cache/typescript/4.4/node_modules/@types/json-buffer/index.d.ts'
[20:14:13.284] Adding entry into typings cache: 'json-parse-better-errors' => '/home/klingen/.cache/typescript/4.4/node_modules/@types/json-parse-better-errors/index.d.ts'
[20:14:13.284] Adding entry into typings cache: 'jsonfile' => '/home/klingen/.cache/typescript/4.4/node_modules/@types/jsonfile/index.d.ts'
[20:14:13.285] Adding entry into typings cache: 'karma' => '/home/klingen/.cache/typescript/4.4/node_modules/@types/karma/index.d.ts'
[20:14:13.285] Adding entry into typings cache: 'karma-chrome-launcher' => '/home/klingen/.cache/typescript/4.4/node_modules/@types/karma-chrome-launcher/index.d.ts'
[20:14:13.285] Adding entry into typings cache: 'karma-coverage' => '/home/klingen/.cache/typescript/4.4/node_modules/@types/karma-coverage/index.d.ts'
[20:14:13.286] Adding entry into typings cache: 'karma-jasmine' => '/home/klingen/.cache/typescript/4.4/node_modules/@types/karma-jasmine/index.d.ts'
[20:14:13.286] Adding entry into typings cache: 'karma-jasmine-html-reporter' => '/home/klingen/.cache/typescript/4.4/node_modules/@types/karma-jasmine-html-reporter/index.d.ts'
[20:14:13.286] Adding entry into typings cache: 'karma-junit-reporter' => '/home/klingen/.cache/typescript/4.4/node_modules/@types/karma-junit-reporter/index.d.ts'
[20:14:13.287] Adding entry into typings cache: 'keyv' => '/home/klingen/.cache/typescript/4.4/node_modules/@types/keyv/index.d.ts'
[20:14:13.287] Adding entry into typings cache: 'kind-of' => '/home/klingen/.cache/typescript/4.4/node_modules/@types/kind-of/index.d.ts'
[20:14:13.288] Adding entry into typings cache: 'less' => '/home/klingen/.cache/typescript/4.4/node_modules/@types/less/index.d.ts'
[20:14:13.289] Adding entry into typings cache: 'loader-runner' => '/home/klingen/.cache/typescript/4.4/node_modules/@types/loader-runner/index.d.ts'
[20:14:13.289] Adding entry into typings cache: 'loader-utils' => '/home/klingen/.cache/typescript/4.4/node_modules/@types/loader-utils/index.d.ts'
[20:14:13.290] Adding entry into typings cache: 'lodash' => '/home/klingen/.cache/typescript/4.4/node_modules/@types/lodash/index.d.ts'
[20:14:13.290] Adding entry into typings cache: 'lodash.clone' => '/home/klingen/.cache/typescript/4.4/node_modules/@types/lodash.clone/index.d.ts'
[20:14:13.290] Adding entry into typings cache: 'lodash.clonedeep' => '/home/klingen/.cache/typescript/4.4/node_modules/@types/lodash.clonedeep/index.d.ts'
[20:14:13.290] Adding entry into typings cache: 'lodash.clonedeepwith' => '/home/klingen/.cache/typescript/4.4/node_modules/@types/lodash.clonedeepwith/index.d.ts'
[20:14:13.291] Adding entry into typings cache: 'lodash.debounce' => '/home/klingen/.cache/typescript/4.4/node_modules/@types/lodash.debounce/index.d.ts'
[20:14:13.291] Adding entry into typings cache: 'lodash.deburr' => '/home/klingen/.cache/typescript/4.4/node_modules/@types/lodash.deburr/index.d.ts'
[20:14:13.291] Adding entry into typings cache: 'lodash.difference' => '/home/klingen/.cache/typescript/4.4/node_modules/@types/lodash.difference/index.d.ts'
[20:14:13.292] Adding entry into typings cache: 'lodash.flatten' => '/home/klingen/.cache/typescript/4.4/node_modules/@types/lodash.flatten/index.d.ts'
[20:14:13.292] Adding entry into typings cache: 'lodash.flattendeep' => '/home/klingen/.cache/typescript/4.4/node_modules/@types/lodash.flattendeep/index.d.ts'
[20:14:13.292] Adding entry into typings cache: 'lodash.islength' => '/home/klingen/.cache/typescript/4.4/node_modules/@types/lodash.islength/index.d.ts'
[20:14:13.293] Adding entry into typings cache: 'lodash.merge' => '/home/klingen/.cache/typescript/4.4/node_modules/@types/lodash.merge/index.d.ts'
[20:14:13.293] Adding entry into typings cache: 'lodash.truncate' => '/home/klingen/.cache/typescript/4.4/node_modules/@types/lodash.truncate/index.d.ts'
[20:14:13.293] Adding entry into typings cache: 'lolex' => '/home/klingen/.cache/typescript/4.4/node_modules/@types/lolex/index.d.ts'
[20:14:13.294] Adding entry into typings cache: 'lru-cache' => '/home/klingen/.cache/typescript/4.4/node_modules/@types/lru-cache/index.d.ts'
[20:14:13.294] Adding entry into typings cache: 'make-fetch-happen' => '/home/klingen/.cache/typescript/4.4/node_modules/@types/make-fetch-happen/index.d.ts'
[20:14:13.294] Adding entry into typings cache: 'media-typer' => '/home/klingen/.cache/typescript/4.4/node_modules/@types/media-typer/index.d.ts'
[20:14:13.294] Adding entry into typings cache: 'merge-descriptors' => '/home/klingen/.cache/typescript/4.4/node_modules/@types/merge-descriptors/index.d.ts'
[20:14:13.295] Adding entry into typings cache: 'merge-stream' => '/home/klingen/.cache/typescript/4.4/node_modules/@types/merge-stream/index.d.ts'
[20:14:13.296] Adding entry into typings cache: 'merge2' => '/home/klingen/.cache/typescript/4.4/node_modules/@types/merge2/index.d.ts'
[20:14:13.296] Adding entry into typings cache: 'methods' => '/home/klingen/.cache/typescript/4.4/node_modules/@types/methods/index.d.ts'
[20:14:13.296] Adding entry into typings cache: 'micromatch' => '/home/klingen/.cache/typescript/4.4/node_modules/@types/micromatch/index.d.ts'
[20:14:13.297] Adding entry into typings cache: 'mime' => '/home/klingen/.cache/typescript/4.4/node_modules/@types/mime/index.d.ts'
[20:14:13.297] Adding entry into typings cache: 'mime-db' => '/home/klingen/.cache/typescript/4.4/node_modules/@types/mime-db/index.d.ts'
[20:14:13.298] Adding entry into typings cache: 'mime-types' => '/home/klingen/.cache/typescript/4.4/node_modules/@types/mime-types/index.d.ts'
[20:14:13.298] Adding entry into typings cache: 'minimalistic-assert' => '/home/klingen/.cache/typescript/4.4/node_modules/@types/minimalistic-assert/index.d.ts'
[20:14:13.299] Adding entry into typings cache: 'minimatch' => '/home/klingen/.cache/typescript/4.4/node_modules/@types/minimatch/index.d.ts'
[20:14:13.299] Adding entry into typings cache: 'minimist' => '/home/klingen/.cache/typescript/4.4/node_modules/@types/minimist/index.d.ts'
[20:14:13.301] Adding entry into typings cache: 'minipass' => '/home/klingen/.cache/typescript/4.4/node_modules/minipass/index.d.ts'
[20:14:13.301] Adding entry into typings cache: 'minizlib' => '/home/klingen/.cache/typescript/4.4/node_modules/@types/minizlib/index.d.ts'
[20:14:13.302] Adding entry into typings cache: 'mixpanel' => '/home/klingen/.cache/typescript/4.4/node_modules/@types/mixpanel/index.d.ts'
[20:14:13.302] Adding entry into typings cache: 'mixpanel-browser' => '/home/klingen/.cache/typescript/4.4/node_modules/@types/mixpanel-browser/index.d.ts'
[20:14:13.303] Adding entry into typings cache: 'mkdirp' => '/home/klingen/.cache/typescript/4.4/node_modules/@types/mkdirp/index.d.ts'
[20:14:13.304] Adding entry into typings cache: 'ms' => '/home/klingen/.cache/typescript/4.4/node_modules/@types/ms/index.d.ts'
[20:14:13.305] Adding entry into typings cache: 'multicast-dns' => '/home/klingen/.cache/typescript/4.4/node_modules/@types/multicast-dns/index.d.ts'
[20:14:13.305] Adding entry into typings cache: 'multimap' => '/home/klingen/.cache/typescript/4.4/node_modules/@types/multimap/index.d.ts'
[20:14:13.306] Adding entry into typings cache: 'murmurhash-js' => '/home/klingen/.cache/typescript/4.4/node_modules/@types/murmurhash-js/index.d.ts'
[20:14:13.306] Adding entry into typings cache: 'mute-stream' => '/home/klingen/.cache/typescript/4.4/node_modules/@types/mute-stream/index.d.ts'
[20:14:13.307] Adding entry into typings cache: 'natural-compare' => '/home/klingen/.cache/typescript/4.4/node_modules/@types/natural-compare/index.d.ts'
[20:14:13.307] Adding entry into typings cache: 'needle' => '/home/klingen/.cache/typescript/4.4/node_modules/@types/needle/index.d.ts'
[20:14:13.308] Adding entry into typings cache: 'negotiator' => '/home/klingen/.cache/typescript/4.4/node_modules/@types/negotiator/index.d.ts'
[20:14:13.308] Adding entry into typings cache: 'nested-error-stacks' => '/home/klingen/.cache/typescript/4.4/node_modules/@types/nested-error-stacks/index.d.ts'
[20:14:13.308] Adding entry into typings cache: 'nise' => '/home/klingen/.cache/typescript/4.4/node_modules/@types/nise/index.d.ts'
[20:14:13.310] Adding entry into typings cache: 'node' => '/home/klingen/.cache/typescript/4.4/node_modules/@types/node/index.d.ts'
[20:14:13.311] Adding entry into typings cache: 'node-fetch' => '/home/klingen/.cache/typescript/4.4/node_modules/@types/node-fetch/index.d.ts'
[20:14:13.312] Adding entry into typings cache: 'node-forge' => '/home/klingen/.cache/typescript/4.4/node_modules/@types/node-forge/index.d.ts'
[20:14:13.313] Adding entry into typings cache: 'nopt' => '/home/klingen/.cache/typescript/4.4/node_modules/@types/nopt/index.d.ts'
[20:14:13.313] Adding entry into typings cache: 'normalize-package-data' => '/home/klingen/.cache/typescript/4.4/node_modules/@types/normalize-package-data/index.d.ts'
[20:14:13.315] Adding entry into typings cache: 'normalize-path' => '/home/klingen/.cache/typescript/4.4/node_modules/@types/normalize-path/index.d.ts'
[20:14:13.315] Adding entry into typings cache: 'npm-package-arg' => '/home/klingen/.cache/typescript/4.4/node_modules/@types/npm-package-arg/index.d.ts'
[20:14:13.316] Adding entry into typings cache: 'npm-packlist' => '/home/klingen/.cache/typescript/4.4/node_modules/@types/npm-packlist/index.d.ts'
[20:14:13.316] Adding entry into typings cache: 'npm-registry-fetch' => '/home/klingen/.cache/typescript/4.4/node_modules/@types/npm-registry-fetch/index.d.ts'
[20:14:13.316] Adding entry into typings cache: 'npmlog' => '/home/klingen/.cache/typescript/4.4/node_modules/@types/npmlog/index.d.ts'
[20:14:13.317] Adding entry into typings cache: 'object-assign' => '/home/klingen/.cache/typescript/4.4/node_modules/@types/object-assign/index.d.ts'
[20:14:13.317] Adding entry into typings cache: 'object-inspect' => '/home/klingen/.cache/typescript/4.4/node_modules/@types/object-inspect/index.d.ts'
[20:14:13.318] Adding entry into typings cache: 'object-keys' => '/home/klingen/.cache/typescript/4.4/node_modules/@types/object-keys/index.d.ts'
[20:14:13.318] Adding entry into typings cache: 'object.pick' => '/home/klingen/.cache/typescript/4.4/node_modules/@types/object.pick/index.d.ts'
[20:14:13.318] Adding entry into typings cache: 'on-finished' => '/home/klingen/.cache/typescript/4.4/node_modules/@types/on-finished/index.d.ts'
[20:14:13.319] Adding entry into typings cache: 'on-headers' => '/home/klingen/.cache/typescript/4.4/node_modules/@types/on-headers/index.d.ts'
[20:14:13.319] Adding entry into typings cache: 'once' => '/home/klingen/.cache/typescript/4.4/node_modules/@types/once/index.d.ts'
[20:14:13.319] Adding entry into typings cache: 'opener' => '/home/klingen/.cache/typescript/4.4/node_modules/@types/opener/index.d.ts'
[20:14:13.320] Adding entry into typings cache: 'os-homedir' => '/home/klingen/.cache/typescript/4.4/node_modules/@types/os-homedir/index.d.ts'
[20:14:13.320] Adding entry into typings cache: 'os-tmpdir' => '/home/klingen/.cache/typescript/4.4/node_modules/@types/os-tmpdir/index.d.ts'
[20:14:13.320] Adding entry into typings cache: 'pacote' => '/home/klingen/.cache/typescript/4.4/node_modules/@types/pacote/index.d.ts'
[20:14:13.321] Adding entry into typings cache: 'pako' => '/home/klingen/.cache/typescript/4.4/node_modules/@types/pako/index.d.ts'
[20:14:13.321] Adding entry into typings cache: 'parse-json' => '/home/klingen/.cache/typescript/4.4/node_modules/@types/parse-json/index.d.ts'
[20:14:13.321] Adding entry into typings cache: 'parse-node-version' => '/home/klingen/.cache/typescript/4.4/node_modules/@types/parse-node-version/index.d.ts'
[20:14:13.322] Adding entry into typings cache: 'parse5' => '/home/klingen/.cache/typescript/4.4/node_modules/@types/parse5/index.d.ts'
[20:14:13.322] Adding entry into typings cache: 'parse5-html-rewriting-stream' => '/home/klingen/.cache/typescript/4.4/node_modules/@types/parse5-html-rewriting-stream/index.d.ts'
[20:14:13.322] Adding entry into typings cache: 'parse5-htmlparser2-tree-adapter' => '/home/klingen/.cache/typescript/4.4/node_modules/@types/parse5-htmlparser2-tree-adapter/index.d.ts'
[20:14:13.322] Adding entry into typings cache: 'parse5-sax-parser' => '/home/klingen/.cache/typescript/4.4/node_modules/@types/parse5-sax-parser/index.d.ts'
[20:14:13.323] Adding entry into typings cache: 'parseurl' => '/home/klingen/.cache/typescript/4.4/node_modules/@types/parseurl/index.d.ts'
[20:14:13.323] Adding entry into typings cache: 'pascalcase' => '/home/klingen/.cache/typescript/4.4/node_modules/@types/pascalcase/index.d.ts'
[20:14:13.323] Adding entry into typings cache: 'path-is-absolute' => '/home/klingen/.cache/typescript/4.4/node_modules/@types/path-is-absolute/index.d.ts'
[20:14:13.324] Adding entry into typings cache: 'path-is-inside' => '/home/klingen/.cache/typescript/4.4/node_modules/@types/path-is-inside/index.d.ts'
[20:14:13.324] Adding entry into typings cache: 'path-parse' => '/home/klingen/.cache/typescript/4.4/node_modules/@types/path-parse/index.d.ts'
[20:14:13.325] Adding entry into typings cache: 'picomatch' => '/home/klingen/.cache/typescript/4.4/node_modules/@types/picomatch/index.d.ts'
[20:14:13.326] Adding entry into typings cache: 'pify' => '/home/klingen/.cache/typescript/4.4/node_modules/@types/pify/index.d.ts'
[20:14:13.326] Adding entry into typings cache: 'pluralize' => '/home/klingen/.cache/typescript/4.4/node_modules/@types/pluralize/index.d.ts'
[20:14:13.326] Adding entry into typings cache: 'postcss-gap-properties' => '/home/klingen/.cache/typescript/4.4/node_modules/@types/postcss-gap-properties/index.d.ts'
[20:14:13.327] Adding entry into typings cache: 'postcss-import' => '/home/klingen/.cache/typescript/4.4/node_modules/@types/postcss-import/index.d.ts'
[20:14:13.327] Adding entry into typings cache: 'postcss-modules-extract-imports' => '/home/klingen/.cache/typescript/4.4/node_modules/@types/postcss-modules-extract-imports/index.d.ts'
[20:14:13.328] Adding entry into typings cache: 'postcss-modules-local-by-default' => '/home/klingen/.cache/typescript/4.4/node_modules/@types/postcss-modules-local-by-default/index.d.ts'
[20:14:13.328] Adding entry into typings cache: 'postcss-modules-scope' => '/home/klingen/.cache/typescript/4.4/node_modules/@types/postcss-modules-scope/index.d.ts'
[20:14:13.328] Adding entry into typings cache: 'postcss-modules-values' => '/home/klingen/.cache/typescript/4.4/node_modules/@types/postcss-modules-values/index.d.ts'
[20:14:13.328] Adding entry into typings cache: 'postcss-preset-env' => '/home/klingen/.cache/typescript/4.4/node_modules/@types/postcss-preset-env/index.d.ts'
[20:14:13.329] Adding entry into typings cache: 'prelude-ls' => '/home/klingen/.cache/typescript/4.4/node_modules/@types/prelude-ls/index.d.ts'
[20:14:13.329] Adding entry into typings cache: 'prettier' => '/home/klingen/.cache/typescript/4.4/node_modules/@types/prettier/index.d.ts'
[20:14:13.330] Adding entry into typings cache: 'progress' => '/home/klingen/.cache/typescript/4.4/node_modules/@types/progress/index.d.ts'
[20:14:13.330] Adding entry into typings cache: 'proj4' => '/home/klingen/.cache/typescript/4.4/node_modules/@types/proj4/index.d.ts'
[20:14:13.330] Adding entry into typings cache: 'promise-inflight' => '/home/klingen/.cache/typescript/4.4/node_modules/@types/promise-inflight/index.d.ts'
[20:14:13.331] Adding entry into typings cache: 'promise-polyfill' => '/home/klingen/.cache/typescript/4.4/node_modules/@types/promise-polyfill/index.d.ts'
[20:14:13.331] Adding entry into typings cache: 'promise-retry' => '/home/klingen/.cache/typescript/4.4/node_modules/@types/promise-retry/index.d.ts'
[20:14:13.332] Adding entry into typings cache: 'prop-types' => '/home/klingen/.cache/typescript/4.4/node_modules/@types/prop-types/index.d.ts'
[20:14:13.332] Adding entry into typings cache: 'prosemirror-commands' => '/home/klingen/.cache/typescript/4.4/node_modules/@types/prosemirror-commands/index.d.ts'
[20:14:13.333] Adding entry into typings cache: 'prosemirror-history' => '/home/klingen/.cache/typescript/4.4/node_modules/@types/prosemirror-history/index.d.ts'
[20:14:13.333] Adding entry into typings cache: 'prosemirror-inputrules' => '/home/klingen/.cache/typescript/4.4/node_modules/@types/prosemirror-inputrules/index.d.ts'
[20:14:13.333] Adding entry into typings cache: 'prosemirror-keymap' => '/home/klingen/.cache/typescript/4.4/node_modules/@types/prosemirror-keymap/index.d.ts'
[20:14:13.333] Adding entry into typings cache: 'prosemirror-model' => '/home/klingen/.cache/typescript/4.4/node_modules/@types/prosemirror-model/index.d.ts'
[20:14:13.334] Adding entry into typings cache: 'prosemirror-schema-list' => '/home/klingen/.cache/typescript/4.4/node_modules/@types/prosemirror-schema-list/index.d.ts'
[20:14:13.334] Adding entry into typings cache: 'prosemirror-state' => '/home/klingen/.cache/typescript/4.4/node_modules/@types/prosemirror-state/index.d.ts'
[20:14:13.335] Adding entry into typings cache: 'prosemirror-transform' => '/home/klingen/.cache/typescript/4.4/node_modules/@types/prosemirror-transform/index.d.ts'
[20:14:13.335] Adding entry into typings cache: 'prosemirror-view' => '/home/klingen/.cache/typescript/4.4/node_modules/@types/prosemirror-view/index.d.ts'
[20:14:13.335] Adding entry into typings cache: 'proxy-addr' => '/home/klingen/.cache/typescript/4.4/node_modules/@types/proxy-addr/index.d.ts'
[20:14:13.335] Adding entry into typings cache: 'proxyquire' => '/home/klingen/.cache/typescript/4.4/node_modules/@types/proxyquire/index.d.ts'
[20:14:13.336] Adding entry into typings cache: 'pump' => '/home/klingen/.cache/typescript/4.4/node_modules/@types/pump/index.d.ts'
[20:14:13.337] Adding entry into typings cache: 'punycode' => '/home/klingen/.cache/typescript/4.4/node_modules/@types/punycode/index.d.ts'
[20:14:13.337] Adding entry into typings cache: 'qs' => '/home/klingen/.cache/typescript/4.4/node_modules/@types/qs/index.d.ts'
[20:14:13.338] Adding entry into typings cache: 'randombytes' => '/home/klingen/.cache/typescript/4.4/node_modules/@types/randombytes/index.d.ts'
[20:14:13.338] Adding entry into typings cache: 'range-parser' => '/home/klingen/.cache/typescript/4.4/node_modules/@types/range-parser/index.d.ts'
[20:14:13.339] Adding entry into typings cache: 'rc' => '/home/klingen/.cache/typescript/4.4/node_modules/@types/rc/index.d.ts'
[20:14:13.340] Adding entry into typings cache: 'react-is' => '/home/klingen/.cache/typescript/4.4/node_modules/@types/react-is/index.d.ts'
[20:14:13.340] Adding entry into typings cache: 'readable-stream' => '/home/klingen/.cache/typescript/4.4/node_modules/@types/readable-stream/index.d.ts'
[20:14:13.341] Adding entry into typings cache: 'regenerate' => '/home/klingen/.cache/typescript/4.4/node_modules/@types/regenerate/index.d.ts'
[20:14:13.341] Adding entry into typings cache: 'regenerator-runtime' => '/home/klingen/.cache/typescript/4.4/node_modules/@types/regenerator-runtime/index.d.ts'
[20:14:13.342] Adding entry into typings cache: 'regex-not' => '/home/klingen/.cache/typescript/4.4/node_modules/@types/regex-not/index.d.ts'
[20:14:13.343] Adding entry into typings cache: 'registry-auth-token' => '/home/klingen/.cache/typescript/4.4/node_modules/@types/registry-auth-token/index.d.ts'
[20:14:13.343] Adding entry into typings cache: 'repeat-element' => '/home/klingen/.cache/typescript/4.4/node_modules/@types/repeat-element/index.d.ts'
[20:14:13.344] Adding entry into typings cache: 'repeat-string' => '/home/klingen/.cache/typescript/4.4/node_modules/@types/repeat-string/index.d.ts'
[20:14:13.344] Adding entry into typings cache: 'require-directory' => '/home/klingen/.cache/typescript/4.4/node_modules/@types/require-directory/index.d.ts'
[20:14:13.345] Adding entry into typings cache: 'require-from-string' => '/home/klingen/.cache/typescript/4.4/node_modules/@types/require-from-string/index.d.ts'
[20:14:13.345] Adding entry into typings cache: 'requires-port' => '/home/klingen/.cache/typescript/4.4/node_modules/@types/requires-port/index.d.ts'
[20:14:13.346] Adding entry into typings cache: 'resolve' => '/home/klingen/.cache/typescript/4.4/node_modules/@types/resolve/index.d.ts'
[20:14:13.346] Adding entry into typings cache: 'responselike' => '/home/klingen/.cache/typescript/4.4/node_modules/@types/responselike/index.d.ts'
[20:14:13.347] Adding entry into typings cache: 'retry' => '/home/klingen/.cache/typescript/4.4/node_modules/@types/retry/index.d.ts'
[20:14:13.347] Adding entry into typings cache: 'rimraf' => '/home/klingen/.cache/typescript/4.4/node_modules/@types/rimraf/index.d.ts'
[20:14:13.348] Adding entry into typings cache: 'run-parallel' => '/home/klingen/.cache/typescript/4.4/node_modules/@types/run-parallel/index.d.ts'
[20:14:13.348] Adding entry into typings cache: 'safe-regex' => '/home/klingen/.cache/typescript/4.4/node_modules/@types/safe-regex/index.d.ts'
[20:14:13.349] Adding entry into typings cache: 'safer-buffer' => '/home/klingen/.cache/typescript/4.4/node_modules/@types/safer-buffer/index.d.ts'
[20:14:13.349] Adding entry into typings cache: 'sanitize-html' => '/home/klingen/.cache/typescript/4.4/node_modules/@types/sanitize-html/index.d.ts'
[20:14:13.350] Adding entry into typings cache: 'sass-loader' => '/home/klingen/.cache/typescript/4.4/node_modules/@types/sass-loader/index.d.ts'
[20:14:13.350] Adding entry into typings cache: 'sax' => '/home/klingen/.cache/typescript/4.4/node_modules/@types/sax/index.d.ts'
[20:14:13.350] Adding entry into typings cache: 'seedrandom' => '/home/klingen/.cache/typescript/4.4/node_modules/@types/seedrandom/index.d.ts'
[20:14:13.351] Adding entry into typings cache: 'selfsigned' => '/home/klingen/.cache/typescript/4.4/node_modules/@types/selfsigned/index.d.ts'
[20:14:13.351] Adding entry into typings cache: 'semver' => '/home/klingen/.cache/typescript/4.4/node_modules/@types/semver/index.d.ts'
[20:14:13.351] Adding entry into typings cache: 'send' => '/home/klingen/.cache/typescript/4.4/node_modules/@types/send/index.d.ts'
[20:14:13.352] Adding entry into typings cache: 'serialize-javascript' => '/home/klingen/.cache/typescript/4.4/node_modules/@types/serialize-javascript/index.d.ts'
[20:14:13.352] Adding entry into typings cache: 'serve-index' => '/home/klingen/.cache/typescript/4.4/node_modules/@types/serve-index/index.d.ts'
[20:14:13.353] Adding entry into typings cache: 'serve-static' => '/home/klingen/.cache/typescript/4.4/node_modules/@types/serve-static/index.d.ts'
[20:14:13.353] Adding entry into typings cache: 'set-value' => '/home/klingen/.cache/typescript/4.4/node_modules/@types/set-value/index.d.ts'
[20:14:13.354] Adding entry into typings cache: 'shebang-command' => '/home/klingen/.cache/typescript/4.4/node_modules/@types/shebang-command/index.d.ts'
[20:14:13.354] Adding entry into typings cache: 'signal-exit' => '/home/klingen/.cache/typescript/4.4/node_modules/@types/signal-exit/index.d.ts'
[20:14:13.355] Adding entry into typings cache: 'sinon' => '/home/klingen/.cache/typescript/4.4/node_modules/@types/sinon/index.d.ts'
[20:14:13.355] Adding entry into typings cache: 'skmeans' => '/home/klingen/.cache/typescript/4.4/node_modules/@types/skmeans/index.d.ts'
[20:14:13.355] Adding entry into typings cache: 'slice-ansi' => '/home/klingen/.cache/typescript/4.4/node_modules/@types/slice-ansi/index.d.ts'
[20:14:13.356] Adding entry into typings cache: 'sockjs' => '/home/klingen/.cache/typescript/4.4/node_modules/@types/sockjs/index.d.ts'
[20:14:13.356] Adding entry into typings cache: 'source-map-support' => '/home/klingen/.cache/typescript/4.4/node_modules/@types/source-map-support/index.d.ts'
[20:14:13.356] Adding entry into typings cache: 'spdx-correct' => '/home/klingen/.cache/typescript/4.4/node_modules/@types/spdx-correct/index.d.ts'
[20:14:13.357] Adding entry into typings cache: 'spdx-expression-parse' => '/home/klingen/.cache/typescript/4.4/node_modules/@types/spdx-expression-parse/index.d.ts'
[20:14:13.357] Adding entry into typings cache: 'spdy' => '/home/klingen/.cache/typescript/4.4/node_modules/@types/spdy/index.d.ts'
[20:14:13.357] Adding entry into typings cache: 'sprintf' => '/home/klingen/.cache/typescript/4.4/node_modules/@types/sprintf/index.d.ts'
[20:14:13.358] Adding entry into typings cache: 'sprintf-js' => '/home/klingen/.cache/typescript/4.4/node_modules/@types/sprintf-js/index.d.ts'
[20:14:13.358] Adding entry into typings cache: 'ssri' => '/home/klingen/.cache/typescript/4.4/node_modules/@types/ssri/index.d.ts'
[20:14:13.358] Adding entry into typings cache: 'stack-trace' => '/home/klingen/.cache/typescript/4.4/node_modules/@types/stack-trace/index.d.ts'
[20:14:13.359] Adding entry into typings cache: 'stack-utils' => '/home/klingen/.cache/typescript/4.4/node_modules/@types/stack-utils/index.d.ts'
[20:14:13.359] Adding entry into typings cache: 'static-eval' => '/home/klingen/.cache/typescript/4.4/node_modules/@types/static-eval/index.d.ts'
[20:14:13.360] Adding entry into typings cache: 'statuses' => '/home/klingen/.cache/typescript/4.4/node_modules/@types/statuses/index.d.ts'
[20:14:13.360] Adding entry into typings cache: 'stream-shift' => '/home/klingen/.cache/typescript/4.4/node_modules/@types/stream-shift/index.d.ts'
[20:14:13.360] Adding entry into typings cache: 'strict-uri-encode' => '/home/klingen/.cache/typescript/4.4/node_modules/@types/strict-uri-encode/index.d.ts'
[20:14:13.361] Adding entry into typings cache: 'strip-final-newline' => '/home/klingen/.cache/typescript/4.4/node_modules/@types/strip-final-newline/index.d.ts'
[20:14:13.361] Adding entry into typings cache: 'stylus' => '/home/klingen/.cache/typescript/4.4/node_modules/@types/stylus/index.d.ts'
[20:14:13.362] Adding entry into typings cache: 'superagent' => '/home/klingen/.cache/typescript/4.4/node_modules/@types/superagent/index.d.ts'
[20:14:13.362] Adding entry into typings cache: 'supertest' => '/home/klingen/.cache/typescript/4.4/node_modules/@types/supertest/index.d.ts'
[20:14:13.363] Adding entry into typings cache: 'supports-color' => '/home/klingen/.cache/typescript/4.4/node_modules/@types/supports-color/index.d.ts'
[20:14:13.363] Adding entry into typings cache: 'tar' => '/home/klingen/.cache/typescript/4.4/node_modules/@types/tar/index.d.ts'
[20:14:13.364] Adding entry into typings cache: 'tar-stream' => '/home/klingen/.cache/typescript/4.4/node_modules/@types/tar-stream/index.d.ts'
[20:14:13.364] Adding entry into typings cache: 'text-table' => '/home/klingen/.cache/typescript/4.4/node_modules/@types/text-table/index.d.ts'
[20:14:13.365] Adding entry into typings cache: 'three' => '/home/klingen/.cache/typescript/4.4/node_modules/@types/three/index.d.ts'
[20:14:13.365] Adding entry into typings cache: 'through' => '/home/klingen/.cache/typescript/4.4/node_modules/@types/through/index.d.ts'
[20:14:13.366] Adding entry into typings cache: 'through2' => '/home/klingen/.cache/typescript/4.4/node_modules/@types/through2/index.d.ts'
[20:14:13.366] Adding entry into typings cache: 'thunky' => '/home/klingen/.cache/typescript/4.4/node_modules/@types/thunky/index.d.ts'
[20:14:13.367] Adding entry into typings cache: 'tmp' => '/home/klingen/.cache/typescript/4.4/node_modules/@types/tmp/index.d.ts'
[20:14:13.367] Adding entry into typings cache: 'to-regex' => '/home/klingen/.cache/typescript/4.4/node_modules/@types/to-regex/index.d.ts'
[20:14:13.367] Adding entry into typings cache: 'to-regex-range' => '/home/klingen/.cache/typescript/4.4/node_modules/@types/to-regex-range/index.d.ts'
[20:14:13.367] Adding entry into typings cache: 'tr46' => '/home/klingen/.cache/typescript/4.4/node_modules/@types/tr46/index.d.ts'
[20:14:13.368] Adding entry into typings cache: 'type-check' => '/home/klingen/.cache/typescript/4.4/node_modules/@types/type-check/index.d.ts'
[20:14:13.368] Adding entry into typings cache: 'type-detect' => '/home/klingen/.cache/typescript/4.4/node_modules/@types/type-detect/index.d.ts'
[20:14:13.368] Adding entry into typings cache: 'type-is' => '/home/klingen/.cache/typescript/4.4/node_modules/@types/type-is/index.d.ts'
[20:14:13.369] Adding entry into typings cache: 'ua-parser-js' => '/home/klingen/.cache/typescript/4.4/node_modules/@types/ua-parser-js/index.d.ts'
[20:14:13.369] Adding entry into typings cache: 'uglify-js' => '/home/klingen/.cache/typescript/4.4/node_modules/@types/uglify-js/index.d.ts'
[20:14:13.369] Adding entry into typings cache: 'uid2' => '/home/klingen/.cache/typescript/4.4/node_modules/@types/uid2/index.d.ts'
[20:14:13.370] Adding entry into typings cache: 'universalify' => '/home/klingen/.cache/typescript/4.4/node_modules/@types/universalify/index.d.ts'
[20:14:13.370] Adding entry into typings cache: 'update-notifier' => '/home/klingen/.cache/typescript/4.4/node_modules/@types/update-notifier/index.d.ts'
[20:14:13.370] Adding entry into typings cache: 'urix' => '/home/klingen/.cache/typescript/4.4/node_modules/@types/urix/index.d.ts'
[20:14:13.371] Adding entry into typings cache: 'url-join' => '/home/klingen/.cache/typescript/4.4/node_modules/@types/url-join/index.d.ts'
[20:14:13.371] Adding entry into typings cache: 'url-parse-lax' => '/home/klingen/.cache/typescript/4.4/node_modules/@types/url-parse-lax/index.d.ts'
[20:14:13.371] Adding entry into typings cache: 'util-deprecate' => '/home/klingen/.cache/typescript/4.4/node_modules/@types/util-deprecate/index.d.ts'
[20:14:13.372] Adding entry into typings cache: 'utils-merge' => '/home/klingen/.cache/typescript/4.4/node_modules/@types/utils-merge/index.d.ts'
[20:14:13.372] Adding entry into typings cache: 'uuid' => '/home/klingen/.cache/typescript/4.4/node_modules/@types/uuid/index.d.ts'
[20:14:13.372] Adding entry into typings cache: 'validate-npm-package-license' => '/home/klingen/.cache/typescript/4.4/node_modules/@types/validate-npm-package-license/index.d.ts'
[20:14:13.373] Adding entry into typings cache: 'validate-npm-package-name' => '/home/klingen/.cache/typescript/4.4/node_modules/@types/validate-npm-package-name/index.d.ts'
[20:14:13.373] Adding entry into typings cache: 'vary' => '/home/klingen/.cache/typescript/4.4/node_modules/@types/vary/index.d.ts'
[20:14:13.373] Adding entry into typings cache: 'void-elements' => '/home/klingen/.cache/typescript/4.4/node_modules/@types/void-elements/index.d.ts'
[20:14:13.374] Adding entry into typings cache: 'watchpack' => '/home/klingen/.cache/typescript/4.4/node_modules/@types/watchpack/index.d.ts'
[20:14:13.375] Adding entry into typings cache: 'wcwidth' => '/home/klingen/.cache/typescript/4.4/node_modules/@types/wcwidth/index.d.ts'
[20:14:13.375] Adding entry into typings cache: 'webidl-conversions' => '/home/klingen/.cache/typescript/4.4/node_modules/@types/webidl-conversions/index.d.ts'
[20:14:13.378] Adding entry into typings cache: 'webpack' => '/home/klingen/.cache/typescript/4.4/node_modules/webpack/types.d.ts'
[20:14:13.379] Adding entry into typings cache: 'webpack-sources' => '/home/klingen/.cache/typescript/4.4/node_modules/@types/webpack-sources/index.d.ts'
[20:14:13.380] Adding entry into typings cache: 'whatwg-encoding' => '/home/klingen/.cache/typescript/4.4/node_modules/@types/whatwg-encoding/index.d.ts'
[20:14:13.380] Adding entry into typings cache: 'whatwg-url' => '/home/klingen/.cache/typescript/4.4/node_modules/@types/whatwg-url/index.d.ts'
[20:14:13.381] Adding entry into typings cache: 'which' => '/home/klingen/.cache/typescript/4.4/node_modules/@types/which/index.d.ts'
[20:14:13.381] Adding entry into typings cache: 'wordwrap' => '/home/klingen/.cache/typescript/4.4/node_modules/@types/wordwrap/index.d.ts'
[20:14:13.382] Adding entry into typings cache: 'wrap-ansi' => '/home/klingen/.cache/typescript/4.4/node_modules/@types/wrap-ansi/index.d.ts'
[20:14:13.383] Adding entry into typings cache: 'write-file-atomic' => '/home/klingen/.cache/typescript/4.4/node_modules/@types/write-file-atomic/index.d.ts'
[20:14:13.383] Adding entry into typings cache: 'ws' => '/home/klingen/.cache/typescript/4.4/node_modules/@types/ws/index.d.ts'
[20:14:13.384] Adding entry into typings cache: 'xtend' => '/home/klingen/.cache/typescript/4.4/node_modules/@types/xtend/index.d.ts'
[20:14:13.384] Adding entry into typings cache: 'yallist' => '/home/klingen/.cache/typescript/4.4/node_modules/@types/yallist/index.d.ts'
[20:14:13.385] Adding entry into typings cache: 'yargs' => '/home/klingen/.cache/typescript/4.4/node_modules/@types/yargs/index.d.ts'
[20:14:13.386] Adding entry into typings cache: 'yargs-parser' => '/home/klingen/.cache/typescript/4.4/node_modules/@types/yargs-parser/index.d.ts'
[20:14:13.386] Adding entry into typings cache: 'zen-observable' => '/home/klingen/.cache/typescript/4.4/node_modules/@types/zen-observable/index.d.ts'
[20:14:13.386] Finished processing cache location '/home/klingen/.cache/typescript/4.4'
[20:14:13.386] Process id: 113530
[20:14:13.386] NPM location: /home/klingen/.local/share/nvm/v17.9.0/bin/npm (explicit '--npmLocation' not  provided)
[20:14:13.386] validateDefaultNpmLocation: false
[20:14:13.386] Npm config file: /home/klingen/.cache/typescript/4.4/package.json
[20:14:13.386] Updating types-registry npm package...
[20:14:13.386] Exec: /home/klingen/.local/share/nvm/v17.9.0/bin/npm install --ignore-scripts types-registry@latest
[20:14:14.763]     Succeeded. stdout:
    
    up to date, audited 596 packages in 1s

32 packages are looking for funding
  run `npm fund` for details

1 high severity vulnerability

To address all issues, run:
  npm audit fix

Run `npm audit` for details.

[20:14:14.763] Updated types-registry npm package
[20:14:23.237] Got install request {"projectName":"/dev/null/inferredProject1*","fileNames":["/home/klingen/Develop/flightlog-application/flightlog-frontend/node_modules/typescript/lib/lib.es5.d.ts","/home/klingen/Develop/flightlog-application/flightlog-frontend/node_modules/typescript/lib/lib.es2015.d.ts","/home/klingen/Develop/flightlog-application/flightlog-frontend/node_modules/typescript/lib/lib.es2016.d.ts","/home/klingen/Develop/flightlog-application/flightlog-frontend/node_modules/typescript/lib/lib.dom.d.ts","/home/klingen/Develop/flightlog-application/flightlog-frontend/node_modules/typescript/lib/lib.dom.iterable.d.ts","/home/klingen/Develop/flightlog-application/flightlog-frontend/node_modules/typescript/lib/lib.webworker.importscripts.d.ts","/home/klingen/Develop/flightlog-application/flightlog-frontend/node_modules/typescript/lib/lib.scripthost.d.ts","/home/klingen/Develop/flightlog-application/flightlog-frontend/node_modules/typescript/lib/lib.es2015.core.d.ts","/home/klingen/Develop/flightlog-application/flightlog-frontend/node_modules/typescript/lib/lib.es2015.collection.d.ts","/home/klingen/Develop/flightlog-application/flightlog-frontend/node_modules/typescript/lib/lib.es2015.generator.d.ts","/home/klingen/Develop/flightlog-application/flightlog-frontend/node_modules/typescript/lib/lib.es2015.iterable.d.ts","/home/klingen/Develop/flightlog-application/flightlog-frontend/node_modules/typescript/lib/lib.es2015.promise.d.ts","/home/klingen/Develop/flightlog-application/flightlog-frontend/node_modules/typescript/lib/lib.es2015.proxy.d.ts","/home/klingen/Develop/flightlog-application/flightlog-frontend/node_modules/typescript/lib/lib.es2015.reflect.d.ts","/home/klingen/Develop/flightlog-application/flightlog-frontend/node_modules/typescript/lib/lib.es2015.symbol.d.ts","/home/klingen/Develop/flightlog-application/flightlog-frontend/node_modules/typescript/lib/lib.es2015.symbol.wellknown.d.ts","/home/klingen/Develop/flightlog-application/flightlog-frontend/node_modules/typescript/lib/lib.es2016.array.include.d.ts","/home/klingen/Develop/flightlog-application/flightlog-frontend/node_modules/typescript/lib/lib.es2016.full.d.ts","/home/klingen/Develop/flightlog-application/flightlog-frontend/authentication/authentication.service.js"],"compilerOptions":{"module":1,"target":3,"jsx":1,"allowJs":true,"allowSyntheticDefaultImports":true,"allowNonTsExtensions":true,"noEmitForJsFiles":true,"maxNodeModuleJsDepth":2},"typeAcquisition":{"enable":true,"include":[],"exclude":[]},"unresolvedImports":[],"projectRootPath":"/home/klingen/Develop/flightlog-application/flightlog-frontend/authentication","kind":"discover"}
[20:14:23.241] Loaded safelist from types map file '/home/klingen/Develop/flightlog-application/flightlog-frontend/node_modules/typescript/lib/typesMap.json'
[20:14:23.241] Explicitly included types: []
[20:14:23.242] Inferred typings from unresolved imports: []
[20:14:23.242] Result: {"cachedTypingPaths":[],"newTypingNames":[],"filesToWatch":["/home/klingen/Develop/flightlog-application/flightlog-frontend/authentication/bower_components","/home/klingen/Develop/flightlog-application/flightlog-frontend/authentication/node_modules"]}
[20:14:23.242] Finished typings discovery: {"cachedTypingPaths":[],"newTypingNames":[],"filesToWatch":["/home/klingen/Develop/flightlog-application/flightlog-frontend/authentication/bower_components","/home/klingen/Develop/flightlog-application/flightlog-frontend/authentication/node_modules"]}
[20:14:23.242] DirectoryWatcher:: Added:: WatchInfo: /home/klingen/Develop/flightlog-application/flightlog-frontend/authentication/bower_components
[20:14:23.242] DirectoryWatcher:: Added:: WatchInfo: /home/klingen/Develop/flightlog-application/flightlog-frontend/authentication/bower_components 1 undefined Project: /dev/null/inferredProject1* watcher already invoked: false
[20:14:23.243] Elapsed:: 1.068286000750959ms DirectoryWatcher:: Added:: WatchInfo: /home/klingen/Develop/flightlog-application/flightlog-frontend/authentication/bower_components 1 undefined Project: /dev/null/inferredProject1* watcher already invoked: false
[20:14:23.244] DirectoryWatcher:: Added:: WatchInfo: /home/klingen/Develop/flightlog-application/flightlog-frontend/authentication/node_modules
[20:14:23.244] DirectoryWatcher:: Added:: WatchInfo: /home/klingen/Develop/flightlog-application/flightlog-frontend/authentication/node_modules 1 undefined Project: /dev/null/inferredProject1* watcher already invoked: false
[20:14:23.244] Elapsed:: 0.05943200085312128ms DirectoryWatcher:: Added:: WatchInfo: /home/klingen/Develop/flightlog-application/flightlog-frontend/authentication/node_modules 1 undefined Project: /dev/null/inferredProject1* watcher already invoked: false
[20:14:23.244] Sending response:
    {"projectName":"/dev/null/inferredProject1*","typeAcquisition":{"enable":true,"include":[],"exclude":[]},"compilerOptions":{"module":1,"target":3,"jsx":1,"allowJs":true,"allowSyntheticDefaultImports":true,"allowNonTsExtensions":true,"noEmitForJsFiles":true,"maxNodeModuleJsDepth":2},"typings":[],"unresolvedImports":[],"kind":"action::set"}
[20:14:23.244] Response has been sent.
[20:14:23.244] No new typings were requested as a result of typings discovery
[20:14:56.126] Got install request {"projectName":"/dev/null/inferredProject1*","fileNames":["/home/klingen/Develop/flightlog-application/flightlog-frontend/node_modules/typescript/lib/lib.es5.d.ts","/home/klingen/Develop/flightlog-application/flightlog-frontend/node_modules/typescript/lib/lib.es2015.d.ts","/home/klingen/Develop/flightlog-application/flightlog-frontend/node_modules/typescript/lib/lib.es2016.d.ts","/home/klingen/Develop/flightlog-application/flightlog-frontend/node_modules/typescript/lib/lib.dom.d.ts","/home/klingen/Develop/flightlog-application/flightlog-frontend/node_modules/typescript/lib/lib.dom.iterable.d.ts","/home/klingen/Develop/flightlog-application/flightlog-frontend/node_modules/typescript/lib/lib.webworker.importscripts.d.ts","/home/klingen/Develop/flightlog-application/flightlog-frontend/node_modules/typescript/lib/lib.scripthost.d.ts","/home/klingen/Develop/flightlog-application/flightlog-frontend/node_modules/typescript/lib/lib.es2015.core.d.ts","/home/klingen/Develop/flightlog-application/flightlog-frontend/node_modules/typescript/lib/lib.es2015.collection.d.ts","/home/klingen/Develop/flightlog-application/flightlog-frontend/node_modules/typescript/lib/lib.es2015.generator.d.ts","/home/klingen/Develop/flightlog-application/flightlog-frontend/node_modules/typescript/lib/lib.es2015.iterable.d.ts","/home/klingen/Develop/flightlog-application/flightlog-frontend/node_modules/typescript/lib/lib.es2015.promise.d.ts","/home/klingen/Develop/flightlog-application/flightlog-frontend/node_modules/typescript/lib/lib.es2015.proxy.d.ts","/home/klingen/Develop/flightlog-application/flightlog-frontend/node_modules/typescript/lib/lib.es2015.reflect.d.ts","/home/klingen/Develop/flightlog-application/flightlog-frontend/node_modules/typescript/lib/lib.es2015.symbol.d.ts","/home/klingen/Develop/flightlog-application/flightlog-frontend/node_modules/typescript/lib/lib.es2015.symbol.wellknown.d.ts","/home/klingen/Develop/flightlog-application/flightlog-frontend/node_modules/typescript/lib/lib.es2016.array.include.d.ts","/home/klingen/Develop/flightlog-application/flightlog-frontend/node_modules/typescript/lib/lib.es2016.full.d.ts","/home/klingen/Develop/flightlog-application/flightlog-frontend/authentication/authentication.service.js"],"compilerOptions":{"module":1,"target":3,"jsx":1,"allowJs":true,"allowSyntheticDefaultImports":true,"allowNonTsExtensions":true,"noEmitForJsFiles":true,"maxNodeModuleJsDepth":2},"typeAcquisition":{"enable":true,"include":[],"exclude":[]},"unresolvedImports":[],"projectRootPath":"/home/klingen/Develop/flightlog-application/flightlog-frontend/authentication","kind":"discover"}
[20:14:56.127] Explicitly included types: []
[20:14:56.127] Inferred typings from unresolved imports: []
[20:14:56.127] Result: {"cachedTypingPaths":[],"newTypingNames":[],"filesToWatch":["/home/klingen/Develop/flightlog-application/flightlog-frontend/authentication/bower_components","/home/klingen/Develop/flightlog-application/flightlog-frontend/authentication/node_modules"]}
[20:14:56.127] Finished typings discovery: {"cachedTypingPaths":[],"newTypingNames":[],"filesToWatch":["/home/klingen/Develop/flightlog-application/flightlog-frontend/authentication/bower_components","/home/klingen/Develop/flightlog-application/flightlog-frontend/authentication/node_modules"]}
[20:14:56.127] Sending response:
    {"projectName":"/dev/null/inferredProject1*","typeAcquisition":{"enable":true,"include":[],"exclude":[]},"compilerOptions":{"module":1,"target":3,"jsx":1,"allowJs":true,"allowSyntheticDefaultImports":true,"allowNonTsExtensions":true,"noEmitForJsFiles":true,"maxNodeModuleJsDepth":2},"typings":[],"unresolvedImports":[],"kind":"action::set"}
[20:14:56.127] Response has been sent.
[20:14:56.127] No new typings were requested as a result of typings discovery
